2010/05/16 22:18:50 [error] [system.db.CDbCommand] Error in querying SQL: SHOW COLUMNS FROM `project`
in /Webroot/Yii-1.1.2/framework/gii/generators/model/ModelCode.php (122)
in /Webroot/Yii-1.1.2/framework/gii/generators/model/ModelCode.php (98)
in /Webroot/Yii-1.1.2/framework/gii/CCodeGenerator.php (155)
2010/05/18 15:33:08 [error] [system.db.CDbCommand] Error in querying SQL: SHOW COLUMNS FROM `project`
in /Webroot/Yii-1.1.2/framework/gii/generators/model/ModelCode.php (122)
in /Webroot/Yii-1.1.2/framework/gii/generators/model/ModelCode.php (98)
in /Webroot/Yii-1.1.2/framework/gii/CCodeGenerator.php (155)
2010/05/25 22:20:31 [warning] [application] Failed to set unsafe attribute "description".
in /Webroot/trackstar/protected/controllers/ProjectController.php (75)
in /Webroot/trackstar/index.php (12)
2010/05/25 22:57:01 [warning] [application] Failed to set unsafe attribute "description".
in /Webroot/trackstar/protected/controllers/ProjectController.php (75)
in /Webroot/trackstar/index.php (12)
2010/05/25 23:33:11 [warning] [application] Failed to set unsafe attribute "description".
in /Webroot/trackstar/protected/controllers/ProjectController.php (75)
in /Webroot/trackstar/index.php (12)
2010/05/26 00:15:33 [error] [exception.CHttpException.403] exception 'CHttpException' with message 'You are not authorized to perform this action.' in /Webroot/Yii-1.1.2/framework/web/auth/CAccessControlFilter.php:153
Stack trace:
#0 /Webroot/Yii-1.1.2/framework/web/auth/CAccessControlFilter.php(115): CAccessControlFilter->accessDenied(Object(CWebUser), 'You are not aut...')
#1 /Webroot/Yii-1.1.2/framework/web/filters/CFilter.php(39): CAccessControlFilter->preFilter(Object(CFilterChain))
#2 /Webroot/Yii-1.1.2/framework/web/CController.php(999): CFilter->filter(Object(CFilterChain))
#3 /Webroot/Yii-1.1.2/framework/web/filters/CInlineFilter.php(59): CController->filterAccessControl(Object(CFilterChain))
#4 /Webroot/Yii-1.1.2/framework/web/filters/CFilterChain.php(126): CInlineFilter->filter(Object(CFilterChain))
#5 /Webroot/Yii-1.1.2/framework/web/CController.php(283): CFilterChain->run()
#6 /Webroot/Yii-1.1.2/framework/web/CController.php(257): CController->runActionWithFilters(Object(CInlineAction), Array)
#7 /Webroot/Yii-1.1.2/framework/web/CWebApplication.php(320): CController->run('admin')
#8 /Webroot/Yii-1.1.2/framework/web/CWebApplication.php(120): CWebApplication->runController('project/admin')
#9 /Webroot/Yii-1.1.2/framework/base/CApplication.php(135): CWebApplication->processRequest()
#10 /Webroot/trackstar/index.php(12): CApplication->run()
#11 {main} REQUEST_URI=/trackstar/index.php?r=project/admin
2010/05/31 14:45:31 [error] [php] Non-static method Issue::getTypeOptions() should not be called statically, assuming $this from incompatible context (/Webroot/trackstar/protected/views/issue/_form.php:33)
Stack trace:
#0 /Webroot/Yii-1.1.2/framework/web/CController.php(748): IssueController->renderFile()
#1 /Webroot/trackstar/protected/views/issue/create.php(15): IssueController->renderPartial()
#2 /Webroot/Yii-1.1.2/framework/web/CBaseController.php(119): require()
#3 /Webroot/Yii-1.1.2/framework/web/CBaseController.php(88): IssueController->renderInternal()
#4 /Webroot/Yii-1.1.2/framework/web/CController.php(748): IssueController->renderFile()
#5 /Webroot/Yii-1.1.2/framework/web/CController.php(687): IssueController->renderPartial()
#6 /Webroot/trackstar/protected/controllers/IssueController.php(82): IssueController->render()
#7 /Webroot/Yii-1.1.2/framework/web/actions/CInlineAction.php(32): IssueController->actionCreate()
#8 /Webroot/Yii-1.1.2/framework/web/CController.php(300): CInlineAction->run()
#9 /Webroot/Yii-1.1.2/framework/web/filters/CFilterChain.php(129): IssueController->runAction()
#10 /Webroot/Yii-1.1.2/framework/web/filters/CFilter.php(41): CFilterChain->run()
#11 /Webroot/Yii-1.1.2/framework/web/CController.php(999): CAccessControlFilter->filter()
#12 /Webroot/Yii-1.1.2/framework/web/filters/CInlineFilter.php(59): IssueController->filterAccessControl()
#13 /Webroot/Yii-1.1.2/framework/web/filters/CFilterChain.php(126): CInlineFilter->filter()
#14 /Webroot/Yii-1.1.2/framework/web/CController.php(283): CFilterChain->run()
#15 /Webroot/Yii-1.1.2/framework/web/CController.php(257): IssueController->runActionWithFilters()
#16 /Webroot/Yii-1.1.2/framework/web/CWebApplication.php(320): IssueController->run()
#17 /Webroot/Yii-1.1.2/framework/web/CWebApplication.php(120): CWebApplication->runController()
#18 /Webroot/Yii-1.1.2/framework/base/CApplication.php(135): CWebApplication->processRequest()
#19 /Webroot/trackstar/index.php(12): CWebApplication->run()
REQUEST_URI=/trackstar/index.php?r=issue/create
in /Webroot/trackstar/protected/views/issue/_form.php (33)
in /Webroot/trackstar/protected/views/issue/create.php (15)
in /Webroot/trackstar/protected/controllers/IssueController.php (82)
2010/05/31 16:17:36 [error] [exception.CException] exception 'CException' with message 'Filter "projectContext - create" is invalid. Controller "IssueController" does have the filter method "filterprojectContext - create".' in /Webroot/Yii-1.1.2/framework/web/filters/CInlineFilter.php:47
Stack trace:
#0 /Webroot/Yii-1.1.2/framework/web/filters/CFilterChain.php(69): CInlineFilter::create(Object(IssueController), 'projectContext ...')
#1 /Webroot/Yii-1.1.2/framework/web/CController.php(283): CFilterChain::create(Object(IssueController), Object(CInlineAction), Array)
#2 /Webroot/Yii-1.1.2/framework/web/CController.php(257): CController->runActionWithFilters(Object(CInlineAction), Array)
#3 /Webroot/Yii-1.1.2/framework/web/CWebApplication.php(320): CController->run('create')
#4 /Webroot/Yii-1.1.2/framework/web/CWebApplication.php(120): CWebApplication->runController('issue/create')
#5 /Webroot/Yii-1.1.2/framework/base/CApplication.php(135): CWebApplication->processRequest()
#6 /Webroot/trackstar/index.php(12): CApplication->run()
#7 {main} REQUEST_URI=/trackstar/index.php?r=issue/create
2010/05/31 21:03:27 [error] [exception.CHttpException.404] exception 'CHttpException' with message 'The requested project does not exist.' in /Webroot/trackstar/protected/controllers/IssueController.php:223
Stack trace:
#0 /Webroot/trackstar/protected/controllers/IssueController.php(203): IssueController->loadProject(NULL)
#1 /Webroot/Yii-1.1.2/framework/web/filters/CInlineFilter.php(59): IssueController->filterProjectContext(Object(CFilterChain))
#2 /Webroot/Yii-1.1.2/framework/web/filters/CFilterChain.php(126): CInlineFilter->filter(Object(CFilterChain))
#3 /Webroot/Yii-1.1.2/framework/web/filters/CFilter.php(41): CFilterChain->run()
#4 /Webroot/Yii-1.1.2/framework/web/CController.php(999): CFilter->filter(Object(CFilterChain))
#5 /Webroot/Yii-1.1.2/framework/web/filters/CInlineFilter.php(59): CController->filterAccessControl(Object(CFilterChain))
#6 /Webroot/Yii-1.1.2/framework/web/filters/CFilterChain.php(126): CInlineFilter->filter(Object(CFilterChain))
#7 /Webroot/Yii-1.1.2/framework/web/CController.php(283): CFilterChain->run()
#8 /Webroot/Yii-1.1.2/framework/web/CController.php(257): CController->runActionWithFilters(Object(CInlineAction), Array)
#9 /Webroot/Yii-1.1.2/framework/web/CWebApplication.php(320): CController->run('create')
#10 /Webroot/Yii-1.1.2/framework/web/CWebApplication.php(120): CWebApplication->runController('issue/create')
#11 /Webroot/Yii-1.1.2/framework/base/CApplication.php(135): CWebApplication->processRequest()
#12 /Webroot/trackstar/index.php(12): CApplication->run()
#13 {main} REQUEST_URI=/trackstar/index.php?r=issue/create
2010/05/31 21:16:18 [error] [exception.CHttpException.404] exception 'CHttpException' with message 'The requested project does not exist.' in /Webroot/trackstar/protected/controllers/IssueController.php:223
Stack trace:
#0 /Webroot/trackstar/protected/controllers/IssueController.php(203): IssueController->loadProject(NULL)
#1 /Webroot/Yii-1.1.2/framework/web/filters/CInlineFilter.php(59): IssueController->filterProjectContext(Object(CFilterChain))
#2 /Webroot/Yii-1.1.2/framework/web/filters/CFilterChain.php(126): CInlineFilter->filter(Object(CFilterChain))
#3 /Webroot/Yii-1.1.2/framework/web/filters/CFilter.php(41): CFilterChain->run()
#4 /Webroot/Yii-1.1.2/framework/web/CController.php(999): CFilter->filter(Object(CFilterChain))
#5 /Webroot/Yii-1.1.2/framework/web/filters/CInlineFilter.php(59): CController->filterAccessControl(Object(CFilterChain))
#6 /Webroot/Yii-1.1.2/framework/web/filters/CFilterChain.php(126): CInlineFilter->filter(Object(CFilterChain))
#7 /Webroot/Yii-1.1.2/framework/web/CController.php(283): CFilterChain->run()
#8 /Webroot/Yii-1.1.2/framework/web/CController.php(257): CController->runActionWithFilters(Object(CInlineAction), Array)
#9 /Webroot/Yii-1.1.2/framework/web/CWebApplication.php(320): CController->run('create')
#10 /Webroot/Yii-1.1.2/framework/web/CWebApplication.php(120): CWebApplication->runController('issue/create')
#11 /Webroot/Yii-1.1.2/framework/base/CApplication.php(135): CWebApplication->processRequest()
#12 /Webroot/trackstar/index.php(12): CApplication->run()
#13 {main} REQUEST_URI=/trackstar/index.php?r=issue/create
2010/06/01 23:20:39 [error] [exception.CHttpException.404] exception 'CHttpException' with message 'The requested project does not exist.' in /Webroot/trackstar/protected/controllers/IssueController.php:225
Stack trace:
#0 /Webroot/trackstar/protected/controllers/IssueController.php(205): IssueController->loadProject(NULL)
#1 /Webroot/Yii-1.1.2/framework/web/filters/CInlineFilter.php(59): IssueController->filterProjectContext(Object(CFilterChain))
#2 /Webroot/Yii-1.1.2/framework/web/filters/CFilterChain.php(126): CInlineFilter->filter(Object(CFilterChain))
#3 /Webroot/Yii-1.1.2/framework/web/filters/CFilter.php(41): CFilterChain->run()
#4 /Webroot/Yii-1.1.2/framework/web/CController.php(999): CFilter->filter(Object(CFilterChain))
#5 /Webroot/Yii-1.1.2/framework/web/filters/CInlineFilter.php(59): CController->filterAccessControl(Object(CFilterChain))
#6 /Webroot/Yii-1.1.2/framework/web/filters/CFilterChain.php(126): CInlineFilter->filter(Object(CFilterChain))
#7 /Webroot/Yii-1.1.2/framework/web/CController.php(283): CFilterChain->run()
#8 /Webroot/Yii-1.1.2/framework/web/CController.php(257): CController->runActionWithFilters(Object(CInlineAction), Array)
#9 /Webroot/Yii-1.1.2/framework/web/CWebApplication.php(320): CController->run('create')
#10 /Webroot/Yii-1.1.2/framework/web/CWebApplication.php(120): CWebApplication->runController('issue/create')
#11 /Webroot/Yii-1.1.2/framework/base/CApplication.php(135): CWebApplication->processRequest()
#12 /Webroot/trackstar/index.php(12): CApplication->run()
#13 {main} REQUEST_URI=/trackstar/index.php?r=issue/create
2010/06/01 23:20:47 [error] [exception.CException] exception 'CException' with message 'Issue does not have a method named "getProject".' in /Webroot/Yii-1.1.2/framework/base/CComponent.php:237
Stack trace:
#0 /Webroot/Yii-1.1.2/framework/db/ar/CActiveRecord.php(192): CComponent->__call('getProject', Array)
#1 [internal function]: CActiveRecord->__call('getProject', Array)
#2 /Webroot/trackstar/protected/views/issue/_form.php(42): Issue->getProject()
#3 /Webroot/Yii-1.1.2/framework/web/CBaseController.php(119): require('/Webroot/tracks...')
#4 /Webroot/Yii-1.1.2/framework/web/CBaseController.php(88): CBaseController->renderInternal('/Webroot/tracks...', Array, true)
#5 /Webroot/Yii-1.1.2/framework/web/CController.php(748): CBaseController->renderFile('/Webroot/tracks...', Array, true)
#6 /Webroot/trackstar/protected/views/issue/create.php(15): CController->renderPartial('_form', Array)
#7 /Webroot/Yii-1.1.2/framework/web/CBaseController.php(119): require('/Webroot/tracks...')
#8 /Webroot/Yii-1.1.2/framework/web/CBaseController.php(88): CBaseController->renderInternal('/Webroot/tracks...', Array, true)
#9 /Webroot/Yii-1.1.2/framework/web/CController.php(748): CBaseController->renderFile('/Webroot/tracks...', Array, true)
#10 /Webroot/Yii-1.1.2/framework/web/CController.php(687): CController->renderPartial('create', Array, true)
#11 /Webroot/trackstar/protected/controllers/IssueController.php(91): CController->render('create', Array)
#12 /Webroot/Yii-1.1.2/framework/web/actions/CInlineAction.php(32): IssueController->actionCreate()
#13 /Webroot/Yii-1.1.2/framework/web/CController.php(300): CInlineAction->run()
#14 /Webroot/Yii-1.1.2/framework/web/filters/CFilterChain.php(129): CController->runAction(Object(CInlineAction))
#15 /Webroot/trackstar/protected/controllers/IssueController.php(208): CFilterChain->run()
#16 /Webroot/Yii-1.1.2/framework/web/filters/CInlineFilter.php(59): IssueController->filterProjectContext(Object(CFilterChain))
#17 /Webroot/Yii-1.1.2/framework/web/filters/CFilterChain.php(126): CInlineFilter->filter(Object(CFilterChain))
#18 /Webroot/Yii-1.1.2/framework/web/filters/CFilter.php(41): CFilterChain->run()
#19 /Webroot/Yii-1.1.2/framework/web/CController.php(999): CFilter->filter(Object(CFilterChain))
#20 /Webroot/Yii-1.1.2/framework/web/filters/CInlineFilter.php(59): CController->filterAccessControl(Object(CFilterChain))
#21 /Webroot/Yii-1.1.2/framework/web/filters/CFilterChain.php(126): CInlineFilter->filter(Object(CFilterChain))
#22 /Webroot/Yii-1.1.2/framework/web/CController.php(283): CFilterChain->run()
#23 /Webroot/Yii-1.1.2/framework/web/CController.php(257): CController->runActionWithFilters(Object(CInlineAction), Array)
#24 /Webroot/Yii-1.1.2/framework/web/CWebApplication.php(320): CController->run('create')
#25 /Webroot/Yii-1.1.2/framework/web/CWebApplication.php(120): CWebApplication->runController('issue/create')
#26 /Webroot/Yii-1.1.2/framework/base/CApplication.php(135): CWebApplication->processRequest()
#27 /Webroot/trackstar/index.php(12): CApplication->run()
#28 {main} REQUEST_URI=/trackstar/index.php?r=issue/create&pid=1
2010/06/02 00:12:17 [error] [exception.CException] exception 'CException' with message 'ProjectController cannot find the requested view "application.views.issues._view".' in /Webroot/Yii-1.1.2/framework/web/CController.php:757
Stack trace:
#0 /Webroot/Yii-1.1.2/framework/zii/widgets/CListView.php(215): CController->renderPartial('application.vie...', Array)
#1 /Webroot/Yii-1.1.2/framework/zii/widgets/CBaseListView.php(152): CListView->renderItems()
#2 [internal function]: CBaseListView->renderSection(Array)
#3 /Webroot/Yii-1.1.2/framework/zii/widgets/CBaseListView.php(135): preg_replace_callback('/{(\w+)}/', Array, '{summary}?{sort...')
#4 /Webroot/Yii-1.1.2/framework/zii/widgets/CBaseListView.php(121): CBaseListView->renderContent()
#5 /Webroot/Yii-1.1.2/framework/web/CBaseController.php(174): CBaseListView->run()
#6 /Webroot/trackstar/protected/views/project/view.php(37): CBaseController->widget('zii.widgets.CLi...', Array)
#7 /Webroot/Yii-1.1.2/framework/web/CBaseController.php(119): require('/Webroot/tracks...')
#8 /Webroot/Yii-1.1.2/framework/web/CBaseController.php(88): CBaseController->renderInternal('/Webroot/tracks...', Array, true)
#9 /Webroot/Yii-1.1.2/framework/web/CController.php(748): CBaseController->renderFile('/Webroot/tracks...', Array, true)
#10 /Webroot/Yii-1.1.2/framework/web/CController.php(687): CController->renderPartial('view', Array, true)
#11 /Webroot/trackstar/protected/controllers/ProjectController.php(70): CController->render('view', Array)
#12 /Webroot/Yii-1.1.2/framework/web/actions/CInlineAction.php(32): ProjectController->actionView()
#13 /Webroot/Yii-1.1.2/framework/web/CController.php(300): CInlineAction->run()
#14 /Webroot/Yii-1.1.2/framework/web/filters/CFilterChain.php(129): CController->runAction(Object(CInlineAction))
#15 /Webroot/Yii-1.1.2/framework/web/filters/CFilter.php(41): CFilterChain->run()
#16 /Webroot/Yii-1.1.2/framework/web/CController.php(999): CFilter->filter(Object(CFilterChain))
#17 /Webroot/Yii-1.1.2/framework/web/filters/CInlineFilter.php(59): CController->filterAccessControl(Object(CFilterChain))
#18 /Webroot/Yii-1.1.2/framework/web/filters/CFilterChain.php(126): CInlineFilter->filter(Object(CFilterChain))
#19 /Webroot/Yii-1.1.2/framework/web/CController.php(283): CFilterChain->run()
#20 /Webroot/Yii-1.1.2/framework/web/CController.php(257): CController->runActionWithFilters(Object(CInlineAction), Array)
#21 /Webroot/Yii-1.1.2/framework/web/CWebApplication.php(320): CController->run('view')
#22 /Webroot/Yii-1.1.2/framework/web/CWebApplication.php(120): CWebApplication->runController('project/view')
#23 /Webroot/Yii-1.1.2/framework/base/CApplication.php(135): CWebApplication->processRequest()
#24 /Webroot/trackstar/index.php(12): CApplication->run()
#25 {main} REQUEST_URI=/trackstar/index.php?r=project/view&id=1
2010/06/02 00:12:50 [error] [exception.CException] exception 'CException' with message 'ProjectController cannot find the requested view "issues._view".' in /Webroot/Yii-1.1.2/framework/web/CController.php:757
Stack trace:
#0 /Webroot/Yii-1.1.2/framework/zii/widgets/CListView.php(215): CController->renderPartial('issues._view', Array)
#1 /Webroot/Yii-1.1.2/framework/zii/widgets/CBaseListView.php(152): CListView->renderItems()
#2 [internal function]: CBaseListView->renderSection(Array)
#3 /Webroot/Yii-1.1.2/framework/zii/widgets/CBaseListView.php(135): preg_replace_callback('/{(\w+)}/', Array, '{summary}?{sort...')
#4 /Webroot/Yii-1.1.2/framework/zii/widgets/CBaseListView.php(121): CBaseListView->renderContent()
#5 /Webroot/Yii-1.1.2/framework/web/CBaseController.php(174): CBaseListView->run()
#6 /Webroot/trackstar/protected/views/project/view.php(37): CBaseController->widget('zii.widgets.CLi...', Array)
#7 /Webroot/Yii-1.1.2/framework/web/CBaseController.php(119): require('/Webroot/tracks...')
#8 /Webroot/Yii-1.1.2/framework/web/CBaseController.php(88): CBaseController->renderInternal('/Webroot/tracks...', Array, true)
#9 /Webroot/Yii-1.1.2/framework/web/CController.php(748): CBaseController->renderFile('/Webroot/tracks...', Array, true)
#10 /Webroot/Yii-1.1.2/framework/web/CController.php(687): CController->renderPartial('view', Array, true)
#11 /Webroot/trackstar/protected/controllers/ProjectController.php(70): CController->render('view', Array)
#12 /Webroot/Yii-1.1.2/framework/web/actions/CInlineAction.php(32): ProjectController->actionView()
#13 /Webroot/Yii-1.1.2/framework/web/CController.php(300): CInlineAction->run()
#14 /Webroot/Yii-1.1.2/framework/web/filters/CFilterChain.php(129): CController->runAction(Object(CInlineAction))
#15 /Webroot/Yii-1.1.2/framework/web/filters/CFilter.php(41): CFilterChain->run()
#16 /Webroot/Yii-1.1.2/framework/web/CController.php(999): CFilter->filter(Object(CFilterChain))
#17 /Webroot/Yii-1.1.2/framework/web/filters/CInlineFilter.php(59): CController->filterAccessControl(Object(CFilterChain))
#18 /Webroot/Yii-1.1.2/framework/web/filters/CFilterChain.php(126): CInlineFilter->filter(Object(CFilterChain))
#19 /Webroot/Yii-1.1.2/framework/web/CController.php(283): CFilterChain->run()
#20 /Webroot/Yii-1.1.2/framework/web/CController.php(257): CController->runActionWithFilters(Object(CInlineAction), Array)
#21 /Webroot/Yii-1.1.2/framework/web/CWebApplication.php(320): CController->run('view')
#22 /Webroot/Yii-1.1.2/framework/web/CWebApplication.php(120): CWebApplication->runController('project/view')
#23 /Webroot/Yii-1.1.2/framework/base/CApplication.php(135): CWebApplication->processRequest()
#24 /Webroot/trackstar/index.php(12): CApplication->run()
#25 {main} REQUEST_URI=/trackstar/index.php?r=project/view&id=1
2010/06/02 00:19:20 [error] [exception.CException] exception 'CException' with message 'ProjectController cannot find the requested view "/protected/views/issues/_view".' in /Webroot/Yii-1.1.2/framework/web/CController.php:757
Stack trace:
#0 /Webroot/Yii-1.1.2/framework/zii/widgets/CListView.php(215): CController->renderPartial('/protected/view...', Array)
#1 /Webroot/Yii-1.1.2/framework/zii/widgets/CBaseListView.php(152): CListView->renderItems()
#2 [internal function]: CBaseListView->renderSection(Array)
#3 /Webroot/Yii-1.1.2/framework/zii/widgets/CBaseListView.php(135): preg_replace_callback('/{(\w+)}/', Array, '{summary}?{sort...')
#4 /Webroot/Yii-1.1.2/framework/zii/widgets/CBaseListView.php(121): CBaseListView->renderContent()
#5 /Webroot/Yii-1.1.2/framework/web/CBaseController.php(174): CBaseListView->run()
#6 /Webroot/trackstar/protected/views/project/view.php(37): CBaseController->widget('zii.widgets.CLi...', Array)
#7 /Webroot/Yii-1.1.2/framework/web/CBaseController.php(119): require('/Webroot/tracks...')
#8 /Webroot/Yii-1.1.2/framework/web/CBaseController.php(88): CBaseController->renderInternal('/Webroot/tracks...', Array, true)
#9 /Webroot/Yii-1.1.2/framework/web/CController.php(748): CBaseController->renderFile('/Webroot/tracks...', Array, true)
#10 /Webroot/Yii-1.1.2/framework/web/CController.php(687): CController->renderPartial('view', Array, true)
#11 /Webroot/trackstar/protected/controllers/ProjectController.php(70): CController->render('view', Array)
#12 /Webroot/Yii-1.1.2/framework/web/actions/CInlineAction.php(32): ProjectController->actionView()
#13 /Webroot/Yii-1.1.2/framework/web/CController.php(300): CInlineAction->run()
#14 /Webroot/Yii-1.1.2/framework/web/filters/CFilterChain.php(129): CController->runAction(Object(CInlineAction))
#15 /Webroot/Yii-1.1.2/framework/web/filters/CFilter.php(41): CFilterChain->run()
#16 /Webroot/Yii-1.1.2/framework/web/CController.php(999): CFilter->filter(Object(CFilterChain))
#17 /Webroot/Yii-1.1.2/framework/web/filters/CInlineFilter.php(59): CController->filterAccessControl(Object(CFilterChain))
#18 /Webroot/Yii-1.1.2/framework/web/filters/CFilterChain.php(126): CInlineFilter->filter(Object(CFilterChain))
#19 /Webroot/Yii-1.1.2/framework/web/CController.php(283): CFilterChain->run()
#20 /Webroot/Yii-1.1.2/framework/web/CController.php(257): CController->runActionWithFilters(Object(CInlineAction), Array)
#21 /Webroot/Yii-1.1.2/framework/web/CWebApplication.php(320): CController->run('view')
#22 /Webroot/Yii-1.1.2/framework/web/CWebApplication.php(120): CWebApplication->runController('project/view')
#23 /Webroot/Yii-1.1.2/framework/base/CApplication.php(135): CWebApplication->processRequest()
#24 /Webroot/trackstar/index.php(12): CApplication->run()
#25 {main} REQUEST_URI=/trackstar/index.php?r=project/view&id=1
2010/06/03 00:09:13 [error] [exception.CHttpException.404] exception 'CHttpException' with message 'The requested project does not exist.' in /Webroot/trackstar/protected/controllers/IssueController.php:225
Stack trace:
#0 /Webroot/trackstar/protected/controllers/IssueController.php(205): IssueController->loadProject(NULL)
#1 /Webroot/Yii-1.1.2/framework/web/filters/CInlineFilter.php(59): IssueController->filterProjectContext(Object(CFilterChain))
#2 /Webroot/Yii-1.1.2/framework/web/filters/CFilterChain.php(126): CInlineFilter->filter(Object(CFilterChain))
#3 /Webroot/Yii-1.1.2/framework/web/filters/CFilter.php(41): CFilterChain->run()
#4 /Webroot/Yii-1.1.2/framework/web/CController.php(999): CFilter->filter(Object(CFilterChain))
#5 /Webroot/Yii-1.1.2/framework/web/filters/CInlineFilter.php(59): CController->filterAccessControl(Object(CFilterChain))
#6 /Webroot/Yii-1.1.2/framework/web/filters/CFilterChain.php(126): CInlineFilter->filter(Object(CFilterChain))
#7 /Webroot/Yii-1.1.2/framework/web/CController.php(283): CFilterChain->run()
#8 /Webroot/Yii-1.1.2/framework/web/CController.php(257): CController->runActionWithFilters(Object(CInlineAction), Array)
#9 /Webroot/Yii-1.1.2/framework/web/CWebApplication.php(320): CController->run('create')
#10 /Webroot/Yii-1.1.2/framework/web/CWebApplication.php(120): CWebApplication->runController('issue/create')
#11 /Webroot/Yii-1.1.2/framework/base/CApplication.php(135): CWebApplication->processRequest()
#12 /Webroot/trackstar/index.php(12): CApplication->run()
#13 {main} REQUEST_URI=/trackstar/index.php?r=issue/create
2010/06/03 21:08:17 [error] [php] A non well formed numeric value encountered (/Webroot/Yii-1.1.2/framework/utils/CFormatter.php:178)
Stack trace:
#0 /Webroot/Yii-1.1.2/framework/zii/widgets/CDetailView.php(202): CFormatter->format()
#1 /Webroot/Yii-1.1.2/framework/web/CBaseController.php(174): CDetailView->run()
#2 /Webroot/trackstar/protected/views/issue/view.php(39): IssueController->widget()
#3 /Webroot/Yii-1.1.2/framework/web/CBaseController.php(119): require()
#4 /Webroot/Yii-1.1.2/framework/web/CBaseController.php(88): IssueController->renderInternal()
#5 /Webroot/Yii-1.1.2/framework/web/CController.php(748): IssueController->renderFile()
#6 /Webroot/Yii-1.1.2/framework/web/CController.php(687): IssueController->renderPartial()
#7 /Webroot/trackstar/protected/controllers/IssueController.php(66): IssueController->render()
#8 /Webroot/Yii-1.1.2/framework/web/actions/CInlineAction.php(32): IssueController->actionView()
#9 /Webroot/Yii-1.1.2/framework/web/CController.php(300): CInlineAction->run()
#10 /Webroot/Yii-1.1.2/framework/web/filters/CFilterChain.php(129): IssueController->runAction()
#11 /Webroot/Yii-1.1.2/framework/web/filters/CFilter.php(41): CFilterChain->run()
#12 /Webroot/Yii-1.1.2/framework/web/CController.php(999): CAccessControlFilter->filter()
#13 /Webroot/Yii-1.1.2/framework/web/filters/CInlineFilter.php(59): IssueController->filterAccessControl()
#14 /Webroot/Yii-1.1.2/framework/web/filters/CFilterChain.php(126): CInlineFilter->filter()
#15 /Webroot/Yii-1.1.2/framework/web/CController.php(283): CFilterChain->run()
#16 /Webroot/Yii-1.1.2/framework/web/CController.php(257): IssueController->runActionWithFilters()
#17 /Webroot/Yii-1.1.2/framework/web/CWebApplication.php(320): IssueController->run()
#18 /Webroot/Yii-1.1.2/framework/web/CWebApplication.php(120): CWebApplication->runController()
#19 /Webroot/Yii-1.1.2/framework/base/CApplication.php(135): CWebApplication->processRequest()
#20 /Webroot/trackstar/index.php(12): CWebApplication->run()
REQUEST_URI=/trackstar/index.php?r=issue/view&id=1
in /Webroot/Yii-1.1.2/framework/zii/widgets/CDetailView.php (202)
in /Webroot/trackstar/protected/views/issue/view.php (39)
in /Webroot/trackstar/protected/controllers/IssueController.php (66)
2010/06/03 21:16:25 [error] [php] A non well formed numeric value encountered (/Webroot/Yii-1.1.2/framework/utils/CFormatter.php:178)
Stack trace:
#0 /Webroot/Yii-1.1.2/framework/zii/widgets/CDetailView.php(202): CFormatter->format()
#1 /Webroot/Yii-1.1.2/framework/web/CBaseController.php(174): CDetailView->run()
#2 /Webroot/trackstar/protected/views/issue/view.php(39): IssueController->widget()
#3 /Webroot/Yii-1.1.2/framework/web/CBaseController.php(119): require()
#4 /Webroot/Yii-1.1.2/framework/web/CBaseController.php(88): IssueController->renderInternal()
#5 /Webroot/Yii-1.1.2/framework/web/CController.php(748): IssueController->renderFile()
#6 /Webroot/Yii-1.1.2/framework/web/CController.php(687): IssueController->renderPartial()
#7 /Webroot/trackstar/protected/controllers/IssueController.php(66): IssueController->render()
#8 /Webroot/Yii-1.1.2/framework/web/actions/CInlineAction.php(32): IssueController->actionView()
#9 /Webroot/Yii-1.1.2/framework/web/CController.php(300): CInlineAction->run()
#10 /Webroot/Yii-1.1.2/framework/web/filters/CFilterChain.php(129): IssueController->runAction()
#11 /Webroot/Yii-1.1.2/framework/web/filters/CFilter.php(41): CFilterChain->run()
#12 /Webroot/Yii-1.1.2/framework/web/CController.php(999): CAccessControlFilter->filter()
#13 /Webroot/Yii-1.1.2/framework/web/filters/CInlineFilter.php(59): IssueController->filterAccessControl()
#14 /Webroot/Yii-1.1.2/framework/web/filters/CFilterChain.php(126): CInlineFilter->filter()
#15 /Webroot/Yii-1.1.2/framework/web/CController.php(283): CFilterChain->run()
#16 /Webroot/Yii-1.1.2/framework/web/CController.php(257): IssueController->runActionWithFilters()
#17 /Webroot/Yii-1.1.2/framework/web/CWebApplication.php(320): IssueController->run()
#18 /Webroot/Yii-1.1.2/framework/web/CWebApplication.php(120): CWebApplication->runController()
#19 /Webroot/Yii-1.1.2/framework/base/CApplication.php(135): CWebApplication->processRequest()
#20 /Webroot/trackstar/index.php(12): CWebApplication->run()
REQUEST_URI=/trackstar/index.php?r=issue/view&id=1
in /Webroot/Yii-1.1.2/framework/zii/widgets/CDetailView.php (202)
in /Webroot/trackstar/protected/views/issue/view.php (39)
in /Webroot/trackstar/protected/controllers/IssueController.php (66)
2010/06/03 21:16:27 [error] [php] A non well formed numeric value encountered (/Webroot/Yii-1.1.2/framework/utils/CFormatter.php:178)
Stack trace:
#0 /Webroot/Yii-1.1.2/framework/zii/widgets/CDetailView.php(202): CFormatter->format()
#1 /Webroot/Yii-1.1.2/framework/web/CBaseController.php(174): CDetailView->run()
#2 /Webroot/trackstar/protected/views/issue/view.php(39): IssueController->widget()
#3 /Webroot/Yii-1.1.2/framework/web/CBaseController.php(119): require()
#4 /Webroot/Yii-1.1.2/framework/web/CBaseController.php(88): IssueController->renderInternal()
#5 /Webroot/Yii-1.1.2/framework/web/CController.php(748): IssueController->renderFile()
#6 /Webroot/Yii-1.1.2/framework/web/CController.php(687): IssueController->renderPartial()
#7 /Webroot/trackstar/protected/controllers/IssueController.php(66): IssueController->render()
#8 /Webroot/Yii-1.1.2/framework/web/actions/CInlineAction.php(32): IssueController->actionView()
#9 /Webroot/Yii-1.1.2/framework/web/CController.php(300): CInlineAction->run()
#10 /Webroot/Yii-1.1.2/framework/web/filters/CFilterChain.php(129): IssueController->runAction()
#11 /Webroot/Yii-1.1.2/framework/web/filters/CFilter.php(41): CFilterChain->run()
#12 /Webroot/Yii-1.1.2/framework/web/CController.php(999): CAccessControlFilter->filter()
#13 /Webroot/Yii-1.1.2/framework/web/filters/CInlineFilter.php(59): IssueController->filterAccessControl()
#14 /Webroot/Yii-1.1.2/framework/web/filters/CFilterChain.php(126): CInlineFilter->filter()
#15 /Webroot/Yii-1.1.2/framework/web/CController.php(283): CFilterChain->run()
#16 /Webroot/Yii-1.1.2/framework/web/CController.php(257): IssueController->runActionWithFilters()
#17 /Webroot/Yii-1.1.2/framework/web/CWebApplication.php(320): IssueController->run()
#18 /Webroot/Yii-1.1.2/framework/web/CWebApplication.php(120): CWebApplication->runController()
#19 /Webroot/Yii-1.1.2/framework/base/CApplication.php(135): CWebApplication->processRequest()
#20 /Webroot/trackstar/index.php(12): CWebApplication->run()
REQUEST_URI=/trackstar/index.php?r=issue/view&id=1
in /Webroot/Yii-1.1.2/framework/zii/widgets/CDetailView.php (202)
in /Webroot/trackstar/protected/views/issue/view.php (39)
in /Webroot/trackstar/protected/controllers/IssueController.php (66)
2010/06/03 21:47:37 [error] [exception.CHttpException.404] exception 'CHttpException' with message 'The requested project does not exist.' in /Webroot/trackstar/protected/controllers/IssueController.php:225
Stack trace:
#0 /Webroot/trackstar/protected/controllers/IssueController.php(205): IssueController->loadProject(NULL)
#1 /Webroot/Yii-1.1.2/framework/web/filters/CInlineFilter.php(59): IssueController->filterProjectContext(Object(CFilterChain))
#2 /Webroot/Yii-1.1.2/framework/web/filters/CFilterChain.php(126): CInlineFilter->filter(Object(CFilterChain))
#3 /Webroot/Yii-1.1.2/framework/web/filters/CFilter.php(41): CFilterChain->run()
#4 /Webroot/Yii-1.1.2/framework/web/CController.php(999): CFilter->filter(Object(CFilterChain))
#5 /Webroot/Yii-1.1.2/framework/web/filters/CInlineFilter.php(59): CController->filterAccessControl(Object(CFilterChain))
#6 /Webroot/Yii-1.1.2/framework/web/filters/CFilterChain.php(126): CInlineFilter->filter(Object(CFilterChain))
#7 /Webroot/Yii-1.1.2/framework/web/CController.php(283): CFilterChain->run()
#8 /Webroot/Yii-1.1.2/framework/web/CController.php(257): CController->runActionWithFilters(Object(CInlineAction), Array)
#9 /Webroot/Yii-1.1.2/framework/web/CWebApplication.php(320): CController->run('create')
#10 /Webroot/Yii-1.1.2/framework/web/CWebApplication.php(120): CWebApplication->runController('issue/create')
#11 /Webroot/Yii-1.1.2/framework/base/CApplication.php(135): CWebApplication->processRequest()
#12 /Webroot/trackstar/index.php(12): CApplication->run()
#13 {main} REQUEST_URI=/trackstar/index.php?r=issue/create
2010/06/03 22:04:20 [error] [exception.CHttpException.403] exception 'CHttpException' with message 'You are not authorized to perform this action.' in /Webroot/Yii-1.1.2/framework/web/auth/CAccessControlFilter.php:153
Stack trace:
#0 /Webroot/Yii-1.1.2/framework/web/auth/CAccessControlFilter.php(115): CAccessControlFilter->accessDenied(Object(CWebUser), 'You are not aut...')
#1 /Webroot/Yii-1.1.2/framework/web/filters/CFilter.php(39): CAccessControlFilter->preFilter(Object(CFilterChain))
#2 /Webroot/Yii-1.1.2/framework/web/CController.php(999): CFilter->filter(Object(CFilterChain))
#3 /Webroot/Yii-1.1.2/framework/web/filters/CInlineFilter.php(59): CController->filterAccessControl(Object(CFilterChain))
#4 /Webroot/Yii-1.1.2/framework/web/filters/CFilterChain.php(126): CInlineFilter->filter(Object(CFilterChain))
#5 /Webroot/Yii-1.1.2/framework/web/CController.php(283): CFilterChain->run()
#6 /Webroot/Yii-1.1.2/framework/web/CController.php(257): CController->runActionWithFilters(Object(CInlineAction), Array)
#7 /Webroot/Yii-1.1.2/framework/web/CWebApplication.php(320): CController->run('admin')
#8 /Webroot/Yii-1.1.2/framework/web/CWebApplication.php(120): CWebApplication->runController('issue/admin')
#9 /Webroot/Yii-1.1.2/framework/base/CApplication.php(135): CWebApplication->processRequest()
#10 /Webroot/trackstar/index.php(12): CApplication->run()
#11 {main} REQUEST_URI=/trackstar/index.php?r=issue/admin
2010/06/03 23:08:55 [error] [exception.CHttpException.404] exception 'CHttpException' with message 'The requested project does not exist.' in /Webroot/trackstar/protected/controllers/IssueController.php:225
Stack trace:
#0 /Webroot/trackstar/protected/controllers/IssueController.php(205): IssueController->loadProject(NULL)
#1 /Webroot/Yii-1.1.2/framework/web/filters/CInlineFilter.php(59): IssueController->filterProjectContext(Object(CFilterChain))
#2 /Webroot/Yii-1.1.2/framework/web/filters/CFilterChain.php(126): CInlineFilter->filter(Object(CFilterChain))
#3 /Webroot/Yii-1.1.2/framework/web/filters/CFilter.php(41): CFilterChain->run()
#4 /Webroot/Yii-1.1.2/framework/web/CController.php(999): CFilter->filter(Object(CFilterChain))
#5 /Webroot/Yii-1.1.2/framework/web/filters/CInlineFilter.php(59): CController->filterAccessControl(Object(CFilterChain))
#6 /Webroot/Yii-1.1.2/framework/web/filters/CFilterChain.php(126): CInlineFilter->filter(Object(CFilterChain))
#7 /Webroot/Yii-1.1.2/framework/web/CController.php(283): CFilterChain->run()
#8 /Webroot/Yii-1.1.2/framework/web/CController.php(257): CController->runActionWithFilters(Object(CInlineAction), Array)
#9 /Webroot/Yii-1.1.2/framework/web/CWebApplication.php(320): CController->run('index')
#10 /Webroot/Yii-1.1.2/framework/web/CWebApplication.php(120): CWebApplication->runController('issue/index')
#11 /Webroot/Yii-1.1.2/framework/base/CApplication.php(135): CWebApplication->processRequest()
#12 /Webroot/trackstar/index.php(12): CApplication->run()
#13 {main} REQUEST_URI=/trackstar/index.php?r=issue/index
2010/06/03 23:37:02 [error] [php] Trying to get property of non-object (/Webroot/trackstar/protected/views/issue/view.php:34)
Stack trace:
#0 /Webroot/Yii-1.1.2/framework/web/CController.php(748): IssueController->renderFile()
#1 /Webroot/Yii-1.1.2/framework/web/CController.php(687): IssueController->renderPartial()
#2 /Webroot/trackstar/protected/controllers/IssueController.php(66): IssueController->render()
#3 /Webroot/Yii-1.1.2/framework/web/actions/CInlineAction.php(32): IssueController->actionView()
#4 /Webroot/Yii-1.1.2/framework/web/CController.php(300): CInlineAction->run()
#5 /Webroot/Yii-1.1.2/framework/web/filters/CFilterChain.php(129): IssueController->runAction()
#6 /Webroot/Yii-1.1.2/framework/web/filters/CFilter.php(41): CFilterChain->run()
#7 /Webroot/Yii-1.1.2/framework/web/CController.php(999): CAccessControlFilter->filter()
#8 /Webroot/Yii-1.1.2/framework/web/filters/CInlineFilter.php(59): IssueController->filterAccessControl()
#9 /Webroot/Yii-1.1.2/framework/web/filters/CFilterChain.php(126): CInlineFilter->filter()
#10 /Webroot/Yii-1.1.2/framework/web/CController.php(283): CFilterChain->run()
#11 /Webroot/Yii-1.1.2/framework/web/CController.php(257): IssueController->runActionWithFilters()
#12 /Webroot/Yii-1.1.2/framework/web/CWebApplication.php(320): IssueController->run()
#13 /Webroot/Yii-1.1.2/framework/web/CWebApplication.php(120): CWebApplication->runController()
#14 /Webroot/Yii-1.1.2/framework/base/CApplication.php(135): CWebApplication->processRequest()
#15 /Webroot/trackstar/index.php(12): CWebApplication->run()
REQUEST_URI=/trackstar/index.php?r=issue/view&id=4
in /Webroot/trackstar/protected/views/issue/view.php (34)
in /Webroot/trackstar/protected/controllers/IssueController.php (66)
in /Webroot/trackstar/index.php (12)
2010/06/03 23:46:08 [error] [exception.CHttpException.404] exception 'CHttpException' with message 'The requested project does not exist.' in /Webroot/trackstar/protected/controllers/IssueController.php:231
Stack trace:
#0 /Webroot/trackstar/protected/controllers/IssueController.php(211): IssueController->loadProject(NULL)
#1 /Webroot/Yii-1.1.2/framework/web/filters/CInlineFilter.php(59): IssueController->filterProjectContext(Object(CFilterChain))
#2 /Webroot/Yii-1.1.2/framework/web/filters/CFilterChain.php(126): CInlineFilter->filter(Object(CFilterChain))
#3 /Webroot/Yii-1.1.2/framework/web/filters/CFilter.php(41): CFilterChain->run()
#4 /Webroot/Yii-1.1.2/framework/web/CController.php(999): CFilter->filter(Object(CFilterChain))
#5 /Webroot/Yii-1.1.2/framework/web/filters/CInlineFilter.php(59): CController->filterAccessControl(Object(CFilterChain))
#6 /Webroot/Yii-1.1.2/framework/web/filters/CFilterChain.php(126): CInlineFilter->filter(Object(CFilterChain))
#7 /Webroot/Yii-1.1.2/framework/web/CController.php(283): CFilterChain->run()
#8 /Webroot/Yii-1.1.2/framework/web/CController.php(257): CController->runActionWithFilters(Object(CInlineAction), Array)
#9 /Webroot/Yii-1.1.2/framework/web/CWebApplication.php(320): CController->run('index')
#10 /Webroot/Yii-1.1.2/framework/web/CWebApplication.php(120): CWebApplication->runController('issue/index')
#11 /Webroot/Yii-1.1.2/framework/base/CApplication.php(135): CWebApplication->processRequest()
#12 /Webroot/trackstar/index.php(12): CApplication->run()
#13 {main} REQUEST_URI=/trackstar/index.php?r=issue/index
2010/06/03 23:52:40 [error] [exception.CHttpException.404] exception 'CHttpException' with message 'The requested project does not exist.' in /Webroot/trackstar/protected/controllers/IssueController.php:231
Stack trace:
#0 /Webroot/trackstar/protected/controllers/IssueController.php(211): IssueController->loadProject(NULL)
#1 /Webroot/Yii-1.1.2/framework/web/filters/CInlineFilter.php(59): IssueController->filterProjectContext(Object(CFilterChain))
#2 /Webroot/Yii-1.1.2/framework/web/filters/CFilterChain.php(126): CInlineFilter->filter(Object(CFilterChain))
#3 /Webroot/Yii-1.1.2/framework/web/filters/CFilter.php(41): CFilterChain->run()
#4 /Webroot/Yii-1.1.2/framework/web/CController.php(999): CFilter->filter(Object(CFilterChain))
#5 /Webroot/Yii-1.1.2/framework/web/filters/CInlineFilter.php(59): CController->filterAccessControl(Object(CFilterChain))
#6 /Webroot/Yii-1.1.2/framework/web/filters/CFilterChain.php(126): CInlineFilter->filter(Object(CFilterChain))
#7 /Webroot/Yii-1.1.2/framework/web/CController.php(283): CFilterChain->run()
#8 /Webroot/Yii-1.1.2/framework/web/CController.php(257): CController->runActionWithFilters(Object(CInlineAction), Array)
#9 /Webroot/Yii-1.1.2/framework/web/CWebApplication.php(320): CController->run('admin')
#10 /Webroot/Yii-1.1.2/framework/web/CWebApplication.php(120): CWebApplication->runController('issue/admin')
#11 /Webroot/Yii-1.1.2/framework/base/CApplication.php(135): CWebApplication->processRequest()
#12 /Webroot/trackstar/index.php(12): CApplication->run()
#13 {main} REQUEST_URI=/trackstar/index.php?r=issue/admin
2010/06/04 00:07:32 [error] [exception.CHttpException.404] exception 'CHttpException' with message 'The requested project does not exist.' in /Webroot/trackstar/protected/controllers/IssueController.php:231
Stack trace:
#0 /Webroot/trackstar/protected/controllers/IssueController.php(211): IssueController->loadProject(NULL)
#1 /Webroot/Yii-1.1.2/framework/web/filters/CInlineFilter.php(59): IssueController->filterProjectContext(Object(CFilterChain))
#2 /Webroot/Yii-1.1.2/framework/web/filters/CFilterChain.php(126): CInlineFilter->filter(Object(CFilterChain))
#3 /Webroot/Yii-1.1.2/framework/web/filters/CFilter.php(41): CFilterChain->run()
#4 /Webroot/Yii-1.1.2/framework/web/CController.php(999): CFilter->filter(Object(CFilterChain))
#5 /Webroot/Yii-1.1.2/framework/web/filters/CInlineFilter.php(59): CController->filterAccessControl(Object(CFilterChain))
#6 /Webroot/Yii-1.1.2/framework/web/filters/CFilterChain.php(126): CInlineFilter->filter(Object(CFilterChain))
#7 /Webroot/Yii-1.1.2/framework/web/CController.php(283): CFilterChain->run()
#8 /Webroot/Yii-1.1.2/framework/web/CController.php(257): CController->runActionWithFilters(Object(CInlineAction), Array)
#9 /Webroot/Yii-1.1.2/framework/web/CWebApplication.php(320): CController->run('admin')
#10 /Webroot/Yii-1.1.2/framework/web/CWebApplication.php(120): CWebApplication->runController('issue/admin')
#11 /Webroot/Yii-1.1.2/framework/base/CApplication.php(135): CWebApplication->processRequest()
#12 /Webroot/trackstar/index.php(12): CApplication->run()
#13 {main} REQUEST_URI=/trackstar/index.php?r=issue/admin
2010/06/04 00:08:18 [error] [exception.CHttpException.404] exception 'CHttpException' with message 'The requested project does not exist.' in /Webroot/trackstar/protected/controllers/IssueController.php:231
Stack trace:
#0 /Webroot/trackstar/protected/controllers/IssueController.php(211): IssueController->loadProject(NULL)
#1 /Webroot/Yii-1.1.2/framework/web/filters/CInlineFilter.php(59): IssueController->filterProjectContext(Object(CFilterChain))
#2 /Webroot/Yii-1.1.2/framework/web/filters/CFilterChain.php(126): CInlineFilter->filter(Object(CFilterChain))
#3 /Webroot/Yii-1.1.2/framework/web/filters/CFilter.php(41): CFilterChain->run()
#4 /Webroot/Yii-1.1.2/framework/web/CController.php(999): CFilter->filter(Object(CFilterChain))
#5 /Webroot/Yii-1.1.2/framework/web/filters/CInlineFilter.php(59): CController->filterAccessControl(Object(CFilterChain))
#6 /Webroot/Yii-1.1.2/framework/web/filters/CFilterChain.php(126): CInlineFilter->filter(Object(CFilterChain))
#7 /Webroot/Yii-1.1.2/framework/web/CController.php(283): CFilterChain->run()
#8 /Webroot/Yii-1.1.2/framework/web/CController.php(257): CController->runActionWithFilters(Object(CInlineAction), Array)
#9 /Webroot/Yii-1.1.2/framework/web/CWebApplication.php(320): CController->run('')
#10 /Webroot/Yii-1.1.2/framework/web/CWebApplication.php(120): CWebApplication->runController('issue')
#11 /Webroot/Yii-1.1.2/framework/base/CApplication.php(135): CWebApplication->processRequest()
#12 /Webroot/trackstar/index.php(12): CApplication->run()
#13 {main} REQUEST_URI=/trackstar/index.php?r=issue
2010/06/06 23:34:18 [warning] [application] Failed to set unsafe attribute "password_repeat".
in /Webroot/trackstar/protected/controllers/UserController.php (75)
in /Webroot/trackstar/index.php (12)
2010/06/06 23:34:26 [warning] [application] Failed to set unsafe attribute "password_repeat".
in /Webroot/trackstar/protected/controllers/UserController.php (75)
in /Webroot/trackstar/index.php (12)
2010/06/06 23:35:06 [error] [exception.CHttpException.403] exception 'CHttpException' with message 'You are not authorized to perform this action.' in /Webroot/Yii-1.1.2/framework/web/auth/CAccessControlFilter.php:153
Stack trace:
#0 /Webroot/Yii-1.1.2/framework/web/auth/CAccessControlFilter.php(115): CAccessControlFilter->accessDenied(Object(CWebUser), 'You are not aut...')
#1 /Webroot/Yii-1.1.2/framework/web/filters/CFilter.php(39): CAccessControlFilter->preFilter(Object(CFilterChain))
#2 /Webroot/Yii-1.1.2/framework/web/CController.php(999): CFilter->filter(Object(CFilterChain))
#3 /Webroot/Yii-1.1.2/framework/web/filters/CInlineFilter.php(59): CController->filterAccessControl(Object(CFilterChain))
#4 /Webroot/Yii-1.1.2/framework/web/filters/CFilterChain.php(126): CInlineFilter->filter(Object(CFilterChain))
#5 /Webroot/Yii-1.1.2/framework/web/CController.php(283): CFilterChain->run()
#6 /Webroot/Yii-1.1.2/framework/web/CController.php(257): CController->runActionWithFilters(Object(CInlineAction), Array)
#7 /Webroot/Yii-1.1.2/framework/web/CWebApplication.php(320): CController->run('admin')
#8 /Webroot/Yii-1.1.2/framework/web/CWebApplication.php(120): CWebApplication->runController('user/admin')
#9 /Webroot/Yii-1.1.2/framework/base/CApplication.php(135): CWebApplication->processRequest()
#10 /Webroot/trackstar/index.php(12): CApplication->run()
#11 {main} REQUEST_URI=/trackstar/index.php?r=user/admin
2010/06/06 23:35:11 [warning] [application] Failed to set unsafe attribute "password_repeat".
in /Webroot/trackstar/protected/controllers/UserController.php (75)
in /Webroot/trackstar/index.php (12)
2010/06/06 23:35:22 [warning] [application] Failed to set unsafe attribute "password_repeat".
in /Webroot/trackstar/protected/controllers/UserController.php (75)
in /Webroot/trackstar/index.php (12)
2010/06/06 23:36:25 [error] [exception.CHttpException.404] exception 'CHttpException' with message 'The system is unable to find the requested action "create1".' in /Webroot/Yii-1.1.2/framework/web/CController.php:439
Stack trace:
#0 /Webroot/Yii-1.1.2/framework/web/CController.php(262): CController->missingAction('create1')
#1 /Webroot/Yii-1.1.2/framework/web/CWebApplication.php(320): CController->run('create1')
#2 /Webroot/Yii-1.1.2/framework/web/CWebApplication.php(120): CWebApplication->runController('user/create1')
#3 /Webroot/Yii-1.1.2/framework/base/CApplication.php(135): CWebApplication->processRequest()
#4 /Webroot/trackstar/index.php(12): CApplication->run()
#5 {main} REQUEST_URI=/trackstar/index.php?r=user/create1
2010/06/06 23:36:54 [warning] [application] Failed to set unsafe attribute "password_repeat".
in /Webroot/trackstar/protected/controllers/UserController.php (75)
in /Webroot/trackstar/index.php (12)
2010/06/06 23:37:02 [warning] [application] Failed to set unsafe attribute "password_repeat".
in /Webroot/trackstar/protected/controllers/UserController.php (75)
in /Webroot/trackstar/index.php (12)
2010/06/06 23:37:04 [warning] [application] Failed to set unsafe attribute "password_repeat".
in /Webroot/trackstar/protected/controllers/UserController.php (75)
in /Webroot/trackstar/index.php (12)
2010/06/06 23:37:11 [warning] [application] Failed to set unsafe attribute "password_repeat".
in /Webroot/trackstar/protected/controllers/UserController.php (75)
in /Webroot/trackstar/index.php (12)
2010/06/06 23:37:21 [warning] [application] Failed to set unsafe attribute "password_repeat".
in /Webroot/trackstar/protected/controllers/UserController.php (75)
in /Webroot/trackstar/index.php (12)
2010/06/07 00:42:16 [error] [exception.CHttpException.403] exception 'CHttpException' with message 'You are not authorized to perform this action.' in /Webroot/Yii-1.1.2/framework/web/auth/CAccessControlFilter.php:153
Stack trace:
#0 /Webroot/Yii-1.1.2/framework/web/auth/CAccessControlFilter.php(115): CAccessControlFilter->accessDenied(Object(CWebUser), 'You are not aut...')
#1 /Webroot/Yii-1.1.2/framework/web/filters/CFilter.php(39): CAccessControlFilter->preFilter(Object(CFilterChain))
#2 /Webroot/Yii-1.1.2/framework/web/CController.php(999): CFilter->filter(Object(CFilterChain))
#3 /Webroot/Yii-1.1.2/framework/web/filters/CInlineFilter.php(59): CController->filterAccessControl(Object(CFilterChain))
#4 /Webroot/Yii-1.1.2/framework/web/filters/CFilterChain.php(126): CInlineFilter->filter(Object(CFilterChain))
#5 /Webroot/Yii-1.1.2/framework/web/CController.php(283): CFilterChain->run()
#6 /Webroot/Yii-1.1.2/framework/web/CController.php(257): CController->runActionWithFilters(Object(CInlineAction), Array)
#7 /Webroot/Yii-1.1.2/framework/web/CWebApplication.php(320): CController->run('delete')
#8 /Webroot/Yii-1.1.2/framework/web/CWebApplication.php(120): CWebApplication->runController('user/delete')
#9 /Webroot/Yii-1.1.2/framework/base/CApplication.php(135): CWebApplication->processRequest()
#10 /Webroot/trackstar/index.php(12): CApplication->run()
#11 {main} REQUEST_URI=/trackstar/index.php?r=user/delete&id=6
2010/06/07 18:19:29 [error] [exception.CHttpException.404] exception 'CHttpException' with message 'The requested project does not exist.' in /Users/jeff/TrackStar/trackstar/protected/controllers/IssueController.php:233
Stack trace:
#0 /Users/jeff/TrackStar/trackstar/protected/controllers/IssueController.php(213): IssueController->loadProject(NULL)
#1 /Users/jeff/TrackStar/Yii-1.1.2/framework/web/filters/CInlineFilter.php(59): IssueController->filterProjectContext(Object(CFilterChain))
#2 /Users/jeff/TrackStar/Yii-1.1.2/framework/web/filters/CFilterChain.php(126): CInlineFilter->filter(Object(CFilterChain))
#3 /Users/jeff/TrackStar/Yii-1.1.2/framework/web/filters/CFilter.php(41): CFilterChain->run()
#4 /Users/jeff/TrackStar/Yii-1.1.2/framework/web/CController.php(999): CFilter->filter(Object(CFilterChain))
#5 /Users/jeff/TrackStar/Yii-1.1.2/framework/web/filters/CInlineFilter.php(59): CController->filterAccessControl(Object(CFilterChain))
#6 /Users/jeff/TrackStar/Yii-1.1.2/framework/web/filters/CFilterChain.php(126): CInlineFilter->filter(Object(CFilterChain))
#7 /Users/jeff/TrackStar/Yii-1.1.2/framework/web/CController.php(283): CFilterChain->run()
#8 /Users/jeff/TrackStar/Yii-1.1.2/framework/web/CController.php(257): CController->runActionWithFilters(Object(CInlineAction), Array)
#9 /Users/jeff/TrackStar/Yii-1.1.2/framework/web/CWebApplication.php(320): CController->run('')
#10 /Users/jeff/TrackStar/Yii-1.1.2/framework/web/CWebApplication.php(120): CWebApplication->runController('issue')
#11 /Users/jeff/TrackStar/Yii-1.1.2/framework/base/CApplication.php(135): CWebApplication->processRequest()
#12 /Users/jeff/TrackStar/trackstar/index.php(11): CApplication->run()
#13 {main} REQUEST_URI=/trackstar/index.php?r=issue
2010/06/09 19:05:29 [error] [exception.CException] exception 'CException' with message 'Property "User.lastLoginTime" is not defined.' in /Users/jeff/TrackStar/Yii-1.1.2/framework/base/CComponent.php:131
Stack trace:
#0 /Users/jeff/TrackStar/Yii-1.1.2/framework/db/ar/CActiveRecord.php(107): CComponent->__get('lastLoginTime')
#1 /Users/jeff/TrackStar/trackstar/protected/components/UserIdentity.php(31): CActiveRecord->__get('lastLoginTime')
#2 /Users/jeff/TrackStar/trackstar/protected/models/LoginForm.php(50): UserIdentity->authenticate()
#3 /Users/jeff/TrackStar/Yii-1.1.2/framework/validators/CInlineValidator.php(39): LoginForm->authenticate('password', Array)
#4 /Users/jeff/TrackStar/Yii-1.1.2/framework/validators/CValidator.php(176): CInlineValidator->validateAttribute(Object(LoginForm), 'password')
#5 /Users/jeff/TrackStar/Yii-1.1.2/framework/base/CModel.php(150): CValidator->validate(Object(LoginForm), NULL)
#6 /Users/jeff/TrackStar/Yii-1.1.2/framework/web/widgets/CActiveForm.php(508): CModel->validate(NULL)
#7 /Users/jeff/TrackStar/trackstar/protected/controllers/SiteController.php(79): CActiveForm::validate(Object(LoginForm))
#8 /Users/jeff/TrackStar/Yii-1.1.2/framework/web/actions/CInlineAction.php(32): SiteController->actionLogin()
#9 /Users/jeff/TrackStar/Yii-1.1.2/framework/web/CController.php(300): CInlineAction->run()
#10 /Users/jeff/TrackStar/Yii-1.1.2/framework/web/CController.php(278): CController->runAction(Object(CInlineAction))
#11 /Users/jeff/TrackStar/Yii-1.1.2/framework/web/CController.php(257): CController->runActionWithFilters(Object(CInlineAction), Array)
#12 /Users/jeff/TrackStar/Yii-1.1.2/framework/web/CWebApplication.php(320): CController->run('login')
#13 /Users/jeff/TrackStar/Yii-1.1.2/framework/web/CWebApplication.php(120): CWebApplication->runController('site/login')
#14 /Users/jeff/TrackStar/Yii-1.1.2/framework/base/CApplication.php(135): CWebApplication->processRequest()
#15 /Users/jeff/TrackStar/trackstar/index.php(11): CApplication->run()
#16 {main} REQUEST_URI=/trackstar/index.php?r=site/login
2010/06/09 19:05:29 [error] [exception.CException] exception 'CException' with message 'Property "User.lastLoginTime" is not defined.' in /Users/jeff/TrackStar/Yii-1.1.2/framework/base/CComponent.php:131
Stack trace:
#0 /Users/jeff/TrackStar/Yii-1.1.2/framework/db/ar/CActiveRecord.php(107): CComponent->__get('lastLoginTime')
#1 /Users/jeff/TrackStar/trackstar/protected/components/UserIdentity.php(31): CActiveRecord->__get('lastLoginTime')
#2 /Users/jeff/TrackStar/trackstar/protected/models/LoginForm.php(50): UserIdentity->authenticate()
#3 /Users/jeff/TrackStar/Yii-1.1.2/framework/validators/CInlineValidator.php(39): LoginForm->authenticate('password', Array)
#4 /Users/jeff/TrackStar/Yii-1.1.2/framework/validators/CValidator.php(176): CInlineValidator->validateAttribute(Object(LoginForm), 'password')
#5 /Users/jeff/TrackStar/Yii-1.1.2/framework/base/CModel.php(150): CValidator->validate(Object(LoginForm), NULL)
#6 /Users/jeff/TrackStar/trackstar/protected/controllers/SiteController.php(88): CModel->validate()
#7 /Users/jeff/TrackStar/Yii-1.1.2/framework/web/actions/CInlineAction.php(32): SiteController->actionLogin()
#8 /Users/jeff/TrackStar/Yii-1.1.2/framework/web/CController.php(300): CInlineAction->run()
#9 /Users/jeff/TrackStar/Yii-1.1.2/framework/web/CController.php(278): CController->runAction(Object(CInlineAction))
#10 /Users/jeff/TrackStar/Yii-1.1.2/framework/web/CController.php(257): CController->runActionWithFilters(Object(CInlineAction), Array)
#11 /Users/jeff/TrackStar/Yii-1.1.2/framework/web/CWebApplication.php(320): CController->run('login')
#12 /Users/jeff/TrackStar/Yii-1.1.2/framework/web/CWebApplication.php(120): CWebApplication->runController('site/login')
#13 /Users/jeff/TrackStar/Yii-1.1.2/framework/base/CApplication.php(135): CWebApplication->processRequest()
#14 /Users/jeff/TrackStar/trackstar/index.php(11): CApplication->run()
#15 {main} REQUEST_URI=/trackstar/index.php?r=site/login
2010/06/09 22:52:47 [error] [exception.CException] exception 'CException' with message 'Property "UserIdentity._userModel" is not defined.' in /Users/jeff/TrackStar/Yii-1.1.2/framework/base/CComponent.php:173
Stack trace:
#0 /Users/jeff/TrackStar/trackstar/protected/components/UserIdentity.php(25): CComponent->__set('_userModel', Object(User))
#1 /Users/jeff/TrackStar/trackstar/protected/models/LoginForm.php(50): UserIdentity->authenticate()
#2 /Users/jeff/TrackStar/Yii-1.1.2/framework/validators/CInlineValidator.php(39): LoginForm->authenticate('password', Array)
#3 /Users/jeff/TrackStar/Yii-1.1.2/framework/validators/CValidator.php(176): CInlineValidator->validateAttribute(Object(LoginForm), 'password')
#4 /Users/jeff/TrackStar/Yii-1.1.2/framework/base/CModel.php(150): CValidator->validate(Object(LoginForm), NULL)
#5 /Users/jeff/TrackStar/Yii-1.1.2/framework/web/widgets/CActiveForm.php(508): CModel->validate(NULL)
#6 /Users/jeff/TrackStar/trackstar/protected/controllers/SiteController.php(79): CActiveForm::validate(Object(LoginForm))
#7 /Users/jeff/TrackStar/Yii-1.1.2/framework/web/actions/CInlineAction.php(32): SiteController->actionLogin()
#8 /Users/jeff/TrackStar/Yii-1.1.2/framework/web/CController.php(300): CInlineAction->run()
#9 /Users/jeff/TrackStar/Yii-1.1.2/framework/web/CController.php(278): CController->runAction(Object(CInlineAction))
#10 /Users/jeff/TrackStar/Yii-1.1.2/framework/web/CController.php(257): CController->runActionWithFilters(Object(CInlineAction), Array)
#11 /Users/jeff/TrackStar/Yii-1.1.2/framework/web/CWebApplication.php(320): CController->run('login')
#12 /Users/jeff/TrackStar/Yii-1.1.2/framework/web/CWebApplication.php(120): CWebApplication->runController('site/login')
#13 /Users/jeff/TrackStar/Yii-1.1.2/framework/base/CApplication.php(135): CWebApplication->processRequest()
#14 /Users/jeff/TrackStar/trackstar/index.php(11): CApplication->run()
#15 {main} REQUEST_URI=/trackstar/index.php?r=site/login
2010/06/09 22:52:47 [error] [exception.CException] exception 'CException' with message 'Property "UserIdentity._userModel" is not defined.' in /Users/jeff/TrackStar/Yii-1.1.2/framework/base/CComponent.php:173
Stack trace:
#0 /Users/jeff/TrackStar/trackstar/protected/components/UserIdentity.php(25): CComponent->__set('_userModel', Object(User))
#1 /Users/jeff/TrackStar/trackstar/protected/models/LoginForm.php(50): UserIdentity->authenticate()
#2 /Users/jeff/TrackStar/Yii-1.1.2/framework/validators/CInlineValidator.php(39): LoginForm->authenticate('password', Array)
#3 /Users/jeff/TrackStar/Yii-1.1.2/framework/validators/CValidator.php(176): CInlineValidator->validateAttribute(Object(LoginForm), 'password')
#4 /Users/jeff/TrackStar/Yii-1.1.2/framework/base/CModel.php(150): CValidator->validate(Object(LoginForm), NULL)
#5 /Users/jeff/TrackStar/trackstar/protected/controllers/SiteController.php(88): CModel->validate()
#6 /Users/jeff/TrackStar/Yii-1.1.2/framework/web/actions/CInlineAction.php(32): SiteController->actionLogin()
#7 /Users/jeff/TrackStar/Yii-1.1.2/framework/web/CController.php(300): CInlineAction->run()
#8 /Users/jeff/TrackStar/Yii-1.1.2/framework/web/CController.php(278): CController->runAction(Object(CInlineAction))
#9 /Users/jeff/TrackStar/Yii-1.1.2/framework/web/CController.php(257): CController->runActionWithFilters(Object(CInlineAction), Array)
#10 /Users/jeff/TrackStar/Yii-1.1.2/framework/web/CWebApplication.php(320): CController->run('login')
#11 /Users/jeff/TrackStar/Yii-1.1.2/framework/web/CWebApplication.php(120): CWebApplication->runController('site/login')
#12 /Users/jeff/TrackStar/Yii-1.1.2/framework/base/CApplication.php(135): CWebApplication->processRequest()
#13 /Users/jeff/TrackStar/trackstar/index.php(11): CApplication->run()
#14 {main} REQUEST_URI=/trackstar/index.php?r=site/login
