2010/07/07 22:39:08 [trace] [system.CModule] Loading "log" application component
in /Users/jeff/TrackStar/trackstar/index.php (11)
2010/07/07 22:39:08 [trace] [system.CModule] Loading "request" application component
in /Users/jeff/TrackStar/trackstar/index.php (11)
2010/07/07 22:39:08 [trace] [system.CModule] Loading "urlManager" application component
in /Users/jeff/TrackStar/trackstar/index.php (11)
2010/07/07 22:39:09 [trace] [system.CModule] Loading "log" application component
in /Users/jeff/TrackStar/trackstar/index.php (11)
2010/07/07 22:39:09 [trace] [system.CModule] Loading "request" application component
in /Users/jeff/TrackStar/trackstar/index.php (11)
2010/07/07 22:39:09 [trace] [system.CModule] Loading "urlManager" application component
in /Users/jeff/TrackStar/trackstar/index.php (11)
2010/07/07 22:39:10 [trace] [system.CModule] Loading "log" application component
in /Users/jeff/TrackStar/trackstar/index.php (11)
2010/07/07 22:39:10 [trace] [system.CModule] Loading "request" application component
in /Users/jeff/TrackStar/trackstar/index.php (11)
2010/07/07 22:39:10 [trace] [system.CModule] Loading "urlManager" application component
in /Users/jeff/TrackStar/trackstar/index.php (11)
2010/07/07 22:39:10 [trace] [system.CModule] Loading "log" application component
in /Users/jeff/TrackStar/trackstar/index.php (11)
2010/07/07 22:39:10 [trace] [system.CModule] Loading "request" application component
in /Users/jeff/TrackStar/trackstar/index.php (11)
2010/07/07 22:39:10 [trace] [system.CModule] Loading "urlManager" application component
in /Users/jeff/TrackStar/trackstar/index.php (11)
2010/07/07 22:39:11 [trace] [system.CModule] Loading "log" application component
in /Users/jeff/TrackStar/trackstar/index.php (11)
2010/07/07 22:39:11 [trace] [system.CModule] Loading "request" application component
in /Users/jeff/TrackStar/trackstar/index.php (11)
2010/07/07 22:39:11 [trace] [system.CModule] Loading "urlManager" application component
in /Users/jeff/TrackStar/trackstar/index.php (11)
2010/07/07 22:39:11 [trace] [system.CModule] Loading "log" application component
in /Users/jeff/TrackStar/trackstar/index.php (11)
2010/07/07 22:39:11 [trace] [system.CModule] Loading "request" application component
in /Users/jeff/TrackStar/trackstar/index.php (11)
2010/07/07 22:39:11 [trace] [system.CModule] Loading "urlManager" application component
in /Users/jeff/TrackStar/trackstar/index.php (11)
2010/07/07 22:39:11 [trace] [system.CModule] Loading "log" application component
in /Users/jeff/TrackStar/trackstar/index.php (11)
2010/07/07 22:39:11 [trace] [system.CModule] Loading "request" application component
in /Users/jeff/TrackStar/trackstar/index.php (11)
2010/07/07 22:39:11 [trace] [system.CModule] Loading "urlManager" application component
in /Users/jeff/TrackStar/trackstar/index.php (11)
2010/07/07 22:39:11 [trace] [system.CModule] Loading "log" application component
in /Users/jeff/TrackStar/trackstar/index.php (11)
2010/07/07 22:39:11 [trace] [system.CModule] Loading "request" application component
in /Users/jeff/TrackStar/trackstar/index.php (11)
2010/07/07 22:39:11 [trace] [system.CModule] Loading "urlManager" application component
in /Users/jeff/TrackStar/trackstar/index.php (11)
2010/07/07 22:39:11 [trace] [system.CModule] Loading "log" application component
in /Users/jeff/TrackStar/trackstar/index.php (11)
2010/07/07 22:39:11 [trace] [system.CModule] Loading "request" application component
in /Users/jeff/TrackStar/trackstar/index.php (11)
2010/07/07 22:39:11 [trace] [system.CModule] Loading "urlManager" application component
in /Users/jeff/TrackStar/trackstar/index.php (11)
2010/07/07 22:39:12 [trace] [system.CModule] Loading "log" application component
in /Users/jeff/TrackStar/trackstar/index.php (11)
2010/07/07 22:39:12 [trace] [system.CModule] Loading "request" application component
in /Users/jeff/TrackStar/trackstar/index.php (11)
2010/07/07 22:39:12 [trace] [system.CModule] Loading "urlManager" application component
in /Users/jeff/TrackStar/trackstar/index.php (11)
2010/07/07 22:39:12 [trace] [system.CModule] Loading "log" application component
in /Users/jeff/TrackStar/trackstar/index.php (11)
2010/07/07 22:39:12 [trace] [system.CModule] Loading "request" application component
in /Users/jeff/TrackStar/trackstar/index.php (11)
2010/07/07 22:39:12 [trace] [system.CModule] Loading "urlManager" application component
in /Users/jeff/TrackStar/trackstar/index.php (11)
2010/07/07 22:39:12 [trace] [system.CModule] Loading "log" application component
in /Users/jeff/TrackStar/trackstar/index.php (11)
2010/07/07 22:39:12 [trace] [system.CModule] Loading "request" application component
in /Users/jeff/TrackStar/trackstar/index.php (11)
2010/07/07 22:39:12 [trace] [system.CModule] Loading "urlManager" application component
in /Users/jeff/TrackStar/trackstar/index.php (11)
2010/07/07 22:39:12 [trace] [system.CModule] Loading "log" application component
in /Users/jeff/TrackStar/trackstar/index.php (11)
2010/07/07 22:39:12 [trace] [system.CModule] Loading "request" application component
in /Users/jeff/TrackStar/trackstar/index.php (11)
2010/07/07 22:39:12 [trace] [system.CModule] Loading "urlManager" application component
in /Users/jeff/TrackStar/trackstar/index.php (11)
2010/07/07 22:39:12 [trace] [system.CModule] Loading "log" application component
in /Users/jeff/TrackStar/trackstar/index.php (11)
2010/07/07 22:39:12 [trace] [system.CModule] Loading "request" application component
in /Users/jeff/TrackStar/trackstar/index.php (11)
2010/07/07 22:39:12 [trace] [system.CModule] Loading "urlManager" application component
in /Users/jeff/TrackStar/trackstar/index.php (11)
2010/07/07 22:39:12 [trace] [system.CModule] Loading "log" application component
in /Users/jeff/TrackStar/trackstar/index.php (11)
2010/07/07 22:39:12 [trace] [system.CModule] Loading "request" application component
in /Users/jeff/TrackStar/trackstar/index.php (11)
2010/07/07 22:39:12 [trace] [system.CModule] Loading "urlManager" application component
in /Users/jeff/TrackStar/trackstar/index.php (11)
2010/07/07 22:39:13 [trace] [system.CModule] Loading "log" application component
in /Users/jeff/TrackStar/trackstar/index.php (11)
2010/07/07 22:39:13 [trace] [system.CModule] Loading "request" application component
in /Users/jeff/TrackStar/trackstar/index.php (11)
2010/07/07 22:39:13 [trace] [system.CModule] Loading "urlManager" application component
in /Users/jeff/TrackStar/trackstar/index.php (11)
2010/07/07 22:39:13 [trace] [system.CModule] Loading "log" application component
in /Users/jeff/TrackStar/trackstar/index.php (11)
2010/07/07 22:39:13 [trace] [system.CModule] Loading "request" application component
in /Users/jeff/TrackStar/trackstar/index.php (11)
2010/07/07 22:39:13 [trace] [system.CModule] Loading "urlManager" application component
in /Users/jeff/TrackStar/trackstar/index.php (11)
2010/07/07 22:40:02 [trace] [system.CModule] Loading "log" application component
in /Users/jeff/TrackStar/trackstar/index.php (11)
2010/07/07 22:40:02 [trace] [system.CModule] Loading "request" application component
in /Users/jeff/TrackStar/trackstar/index.php (11)
2010/07/07 22:40:02 [trace] [system.CModule] Loading "urlManager" application component
in /Users/jeff/TrackStar/trackstar/index.php (11)
2010/07/07 22:40:02 [trace] [application.controllers.SiteController] The actionLogin() method is being requested
in /Users/jeff/TrackStar/trackstar/protected/controllers/SiteController.php (80)
in /Users/jeff/TrackStar/trackstar/index.php (11)
2010/07/07 22:40:02 [trace] [system.CModule] Loading "user" application component
in /Users/jeff/TrackStar/trackstar/protected/controllers/SiteController.php (82)
in /Users/jeff/TrackStar/trackstar/index.php (11)
2010/07/07 22:40:02 [trace] [system.CModule] Loading "session" application component
in /Users/jeff/TrackStar/trackstar/protected/controllers/SiteController.php (82)
in /Users/jeff/TrackStar/trackstar/index.php (11)
2010/07/07 22:40:02 [trace] [system.CModule] Loading "themeManager" application component
in /Users/jeff/TrackStar/trackstar/protected/controllers/SiteController.php (114)
in /Users/jeff/TrackStar/trackstar/index.php (11)
2010/07/07 22:40:02 [trace] [system.CModule] Loading "messages" application component
in /Users/jeff/TrackStar/trackstar/protected/models/LoginForm.php (39)
in /Users/jeff/TrackStar/trackstar/protected/views/site/rev/login.php (21)
in /Users/jeff/TrackStar/trackstar/protected/controllers/SiteController.php (114)
2010/07/07 22:40:02 [trace] [system.CModule] Loading "clientScript" application component
in /Users/jeff/TrackStar/trackstar/protected/views/site/rev/login.php (45)
in /Users/jeff/TrackStar/trackstar/protected/controllers/SiteController.php (114)
in /Users/jeff/TrackStar/trackstar/index.php (11)
2010/07/07 22:40:02 [trace] [system.CModule] Loading "authManager" application component
in /Users/jeff/TrackStar/trackstar/themes/new/views/layouts/main.php (33)
in /Users/jeff/TrackStar/trackstar/protected/views/layouts/column1.php (8)
in /Users/jeff/TrackStar/trackstar/protected/controllers/SiteController.php (114)
2010/07/07 22:40:02 [trace] [system.CModule] Loading "db" application component
in /Users/jeff/TrackStar/trackstar/themes/new/views/layouts/main.php (33)
in /Users/jeff/TrackStar/trackstar/protected/views/layouts/column1.php (8)
in /Users/jeff/TrackStar/trackstar/protected/controllers/SiteController.php (114)
2010/07/07 22:40:02 [trace] [system.db.CDbConnection] Opening DB connection
in /Users/jeff/TrackStar/trackstar/themes/new/views/layouts/main.php (33)
in /Users/jeff/TrackStar/trackstar/protected/views/layouts/column1.php (8)
in /Users/jeff/TrackStar/trackstar/protected/controllers/SiteController.php (114)
2010/07/07 22:40:02 [trace] [system.db.CDbCommand] Querying SQL: SELECT name, type, description, t1.bizrule, t1.data, t2.bizrule AS bizrule2, t2.data AS data2 FROM AuthItem t1, AuthAssignment t2 WHERE name=itemname AND userid=:userid
in /Users/jeff/TrackStar/trackstar/themes/new/views/layouts/main.php (33)
in /Users/jeff/TrackStar/trackstar/protected/views/layouts/column1.php (8)
in /Users/jeff/TrackStar/trackstar/protected/controllers/SiteController.php (114)
2010/07/07 22:40:02 [trace] [system.CModule] Loading "assetManager" application component
in /Users/jeff/TrackStar/trackstar/protected/controllers/SiteController.php (114)
in /Users/jeff/TrackStar/trackstar/index.php (11)
2010/07/07 22:40:09 [trace] [system.CModule] Loading "log" application component
in /Users/jeff/TrackStar/trackstar/index.php (11)
2010/07/07 22:40:09 [trace] [system.CModule] Loading "request" application component
in /Users/jeff/TrackStar/trackstar/index.php (11)
2010/07/07 22:40:09 [trace] [system.CModule] Loading "urlManager" application component
in /Users/jeff/TrackStar/trackstar/index.php (11)
2010/07/07 22:40:09 [trace] [application.controllers.SiteController] The actionLogin() method is being requested
in /Users/jeff/TrackStar/trackstar/protected/controllers/SiteController.php (80)
in /Users/jeff/TrackStar/trackstar/index.php (11)
2010/07/07 22:40:09 [trace] [system.CModule] Loading "user" application component
in /Users/jeff/TrackStar/trackstar/protected/controllers/SiteController.php (82)
in /Users/jeff/TrackStar/trackstar/index.php (11)
2010/07/07 22:40:09 [trace] [system.CModule] Loading "session" application component
in /Users/jeff/TrackStar/trackstar/protected/controllers/SiteController.php (82)
in /Users/jeff/TrackStar/trackstar/index.php (11)
2010/07/07 22:40:09 [trace] [system.CModule] Loading "db" application component
in /Users/jeff/TrackStar/trackstar/protected/models/User.php (29)
in /Users/jeff/TrackStar/trackstar/protected/components/UserIdentity.php (17)
in /Users/jeff/TrackStar/trackstar/protected/models/LoginForm.php (52)
2010/07/07 22:40:09 [trace] [system.db.CDbConnection] Opening DB connection
in /Users/jeff/TrackStar/trackstar/protected/models/User.php (29)
in /Users/jeff/TrackStar/trackstar/protected/components/UserIdentity.php (17)
in /Users/jeff/TrackStar/trackstar/protected/models/LoginForm.php (52)
2010/07/07 22:40:09 [trace] [system.db.CDbCommand] Querying SQL: SHOW COLUMNS FROM `tbl_user`
in /Users/jeff/TrackStar/trackstar/protected/models/User.php (29)
in /Users/jeff/TrackStar/trackstar/protected/components/UserIdentity.php (17)
in /Users/jeff/TrackStar/trackstar/protected/models/LoginForm.php (52)
2010/07/07 22:40:09 [trace] [system.db.CDbCommand] Querying SQL: SHOW CREATE TABLE `tbl_user`
in /Users/jeff/TrackStar/trackstar/protected/models/User.php (29)
in /Users/jeff/TrackStar/trackstar/protected/components/UserIdentity.php (17)
in /Users/jeff/TrackStar/trackstar/protected/models/LoginForm.php (52)
2010/07/07 22:40:09 [trace] [system.db.ar.CActiveRecord] User.findByAttributes()
in /Users/jeff/TrackStar/trackstar/protected/components/UserIdentity.php (17)
in /Users/jeff/TrackStar/trackstar/protected/models/LoginForm.php (52)
in /Users/jeff/TrackStar/trackstar/protected/controllers/SiteController.php (92)
2010/07/07 22:40:09 [trace] [system.db.CDbCommand] Querying SQL: SELECT * FROM `tbl_user` `t` WHERE `t`.`username`=:yp0 LIMIT 1
in /Users/jeff/TrackStar/trackstar/protected/components/UserIdentity.php (17)
in /Users/jeff/TrackStar/trackstar/protected/models/LoginForm.php (52)
in /Users/jeff/TrackStar/trackstar/protected/controllers/SiteController.php (92)
2010/07/07 22:40:13 [trace] [system.CModule] Loading "log" application component
in /Users/jeff/TrackStar/trackstar/index.php (11)
2010/07/07 22:40:13 [trace] [system.CModule] Loading "request" application component
in /Users/jeff/TrackStar/trackstar/index.php (11)
2010/07/07 22:40:13 [trace] [system.CModule] Loading "urlManager" application component
in /Users/jeff/TrackStar/trackstar/index.php (11)
2010/07/07 22:40:13 [trace] [application.controllers.SiteController] The actionLogin() method is being requested
in /Users/jeff/TrackStar/trackstar/protected/controllers/SiteController.php (80)
in /Users/jeff/TrackStar/trackstar/index.php (11)
2010/07/07 22:40:13 [trace] [system.CModule] Loading "user" application component
in /Users/jeff/TrackStar/trackstar/protected/controllers/SiteController.php (82)
in /Users/jeff/TrackStar/trackstar/index.php (11)
2010/07/07 22:40:13 [trace] [system.CModule] Loading "session" application component
in /Users/jeff/TrackStar/trackstar/protected/controllers/SiteController.php (82)
in /Users/jeff/TrackStar/trackstar/index.php (11)
2010/07/07 22:40:13 [trace] [system.CModule] Loading "db" application component
in /Users/jeff/TrackStar/trackstar/protected/models/User.php (29)
in /Users/jeff/TrackStar/trackstar/protected/components/UserIdentity.php (17)
in /Users/jeff/TrackStar/trackstar/protected/models/LoginForm.php (52)
2010/07/07 22:40:13 [trace] [system.db.CDbConnection] Opening DB connection
in /Users/jeff/TrackStar/trackstar/protected/models/User.php (29)
in /Users/jeff/TrackStar/trackstar/protected/components/UserIdentity.php (17)
in /Users/jeff/TrackStar/trackstar/protected/models/LoginForm.php (52)
2010/07/07 22:40:13 [trace] [system.db.CDbCommand] Querying SQL: SHOW COLUMNS FROM `tbl_user`
in /Users/jeff/TrackStar/trackstar/protected/models/User.php (29)
in /Users/jeff/TrackStar/trackstar/protected/components/UserIdentity.php (17)
in /Users/jeff/TrackStar/trackstar/protected/models/LoginForm.php (52)
2010/07/07 22:40:13 [trace] [system.db.CDbCommand] Querying SQL: SHOW CREATE TABLE `tbl_user`
in /Users/jeff/TrackStar/trackstar/protected/models/User.php (29)
in /Users/jeff/TrackStar/trackstar/protected/components/UserIdentity.php (17)
in /Users/jeff/TrackStar/trackstar/protected/models/LoginForm.php (52)
2010/07/07 22:40:13 [trace] [system.db.ar.CActiveRecord] User.findByAttributes()
in /Users/jeff/TrackStar/trackstar/protected/components/UserIdentity.php (17)
in /Users/jeff/TrackStar/trackstar/protected/models/LoginForm.php (52)
in /Users/jeff/TrackStar/trackstar/protected/controllers/SiteController.php (101)
2010/07/07 22:40:13 [trace] [system.db.CDbCommand] Querying SQL: SELECT * FROM `tbl_user` `t` WHERE `t`.`username`=:yp0 LIMIT 1
in /Users/jeff/TrackStar/trackstar/protected/components/UserIdentity.php (17)
in /Users/jeff/TrackStar/trackstar/protected/models/LoginForm.php (52)
in /Users/jeff/TrackStar/trackstar/protected/controllers/SiteController.php (101)
2010/07/07 22:40:13 [trace] [system.db.ar.CActiveRecord] User.updateByPk()
in /Users/jeff/TrackStar/trackstar/protected/models/LoginForm.php (71)
in /Users/jeff/TrackStar/trackstar/protected/controllers/SiteController.php (101)
in /Users/jeff/TrackStar/trackstar/index.php (11)
2010/07/07 22:40:13 [trace] [system.db.CDbCommand] Executing SQL: UPDATE `tbl_user` SET `last_login_time`=NOW() WHERE `tbl_user`.`id`=1
in /Users/jeff/TrackStar/trackstar/protected/models/LoginForm.php (71)
in /Users/jeff/TrackStar/trackstar/protected/controllers/SiteController.php (101)
in /Users/jeff/TrackStar/trackstar/index.php (11)
2010/07/07 22:40:13 [info] [application.controllers.SiteController] Successful login of user: 1
in /Users/jeff/TrackStar/trackstar/protected/controllers/SiteController.php (103)
in /Users/jeff/TrackStar/trackstar/index.php (11)
2010/07/07 22:40:13 [trace] [system.CModule] Loading "log" application component
in /Users/jeff/TrackStar/trackstar/index.php (11)
2010/07/07 22:40:13 [trace] [system.CModule] Loading "request" application component
in /Users/jeff/TrackStar/trackstar/index.php (11)
2010/07/07 22:40:13 [trace] [system.CModule] Loading "urlManager" application component
in /Users/jeff/TrackStar/trackstar/index.php (11)
2010/07/07 22:40:13 [trace] [application.controllers.SiteController] The actionLogin() method is being requested
in /Users/jeff/TrackStar/trackstar/protected/controllers/SiteController.php (80)
in /Users/jeff/TrackStar/trackstar/index.php (11)
2010/07/07 22:40:13 [trace] [system.CModule] Loading "user" application component
in /Users/jeff/TrackStar/trackstar/protected/controllers/SiteController.php (82)
in /Users/jeff/TrackStar/trackstar/index.php (11)
2010/07/07 22:40:13 [trace] [system.CModule] Loading "session" application component
in /Users/jeff/TrackStar/trackstar/protected/controllers/SiteController.php (82)
in /Users/jeff/TrackStar/trackstar/index.php (11)
2010/07/07 22:40:13 [trace] [system.CModule] Loading "log" application component
in /Users/jeff/TrackStar/trackstar/index.php (11)
2010/07/07 22:40:13 [trace] [system.CModule] Loading "request" application component
in /Users/jeff/TrackStar/trackstar/index.php (11)
2010/07/07 22:40:13 [trace] [system.CModule] Loading "urlManager" application component
in /Users/jeff/TrackStar/trackstar/index.php (11)
2010/07/07 22:40:13 [trace] [application.controllers.SiteController] The actionLogin() method is being requested
in /Users/jeff/TrackStar/trackstar/protected/controllers/SiteController.php (80)
in /Users/jeff/TrackStar/trackstar/index.php (11)
2010/07/07 22:40:13 [trace] [system.CModule] Loading "user" application component
in /Users/jeff/TrackStar/trackstar/protected/controllers/SiteController.php (82)
in /Users/jeff/TrackStar/trackstar/index.php (11)
2010/07/07 22:40:13 [trace] [system.CModule] Loading "session" application component
in /Users/jeff/TrackStar/trackstar/protected/controllers/SiteController.php (82)
in /Users/jeff/TrackStar/trackstar/index.php (11)
2010/07/07 22:40:13 [trace] [system.CModule] Loading "log" application component
in /Users/jeff/TrackStar/trackstar/index.php (11)
2010/07/07 22:40:13 [trace] [system.CModule] Loading "request" application component
in /Users/jeff/TrackStar/trackstar/index.php (11)
2010/07/07 22:40:13 [trace] [system.CModule] Loading "urlManager" application component
in /Users/jeff/TrackStar/trackstar/index.php (11)
2010/07/07 22:40:13 [trace] [system.web.filters.CFilterChain] Running filter ProjectController.filteraccessControl()
in /Users/jeff/TrackStar/trackstar/index.php (11)
2010/07/07 22:40:13 [trace] [system.CModule] Loading "user" application component
in /Users/jeff/TrackStar/trackstar/index.php (11)
2010/07/07 22:40:13 [trace] [system.CModule] Loading "session" application component
in /Users/jeff/TrackStar/trackstar/index.php (11)
2010/07/07 22:40:13 [trace] [system.CModule] Loading "clientScript" application component
in /Users/jeff/TrackStar/trackstar/protected/controllers/ProjectController.php (150)
in /Users/jeff/TrackStar/trackstar/index.php (11)
2010/07/07 22:40:13 [trace] [system.CModule] Loading "db" application component
in /Users/jeff/TrackStar/trackstar/protected/modules/admin/models/SysMessage.php (24)
in /Users/jeff/TrackStar/trackstar/protected/controllers/ProjectController.php (156)
in /Users/jeff/TrackStar/trackstar/index.php (11)
2010/07/07 22:40:13 [trace] [system.db.CDbConnection] Opening DB connection
in /Users/jeff/TrackStar/trackstar/protected/modules/admin/models/SysMessage.php (24)
in /Users/jeff/TrackStar/trackstar/protected/controllers/ProjectController.php (156)
in /Users/jeff/TrackStar/trackstar/index.php (11)
2010/07/07 22:40:13 [trace] [system.db.CDbCommand] Querying SQL: SHOW COLUMNS FROM `tbl_sys_message`
in /Users/jeff/TrackStar/trackstar/protected/modules/admin/models/SysMessage.php (24)
in /Users/jeff/TrackStar/trackstar/protected/controllers/ProjectController.php (156)
in /Users/jeff/TrackStar/trackstar/index.php (11)
2010/07/07 22:40:13 [trace] [system.db.CDbCommand] Querying SQL: SHOW CREATE TABLE `tbl_sys_message`
in /Users/jeff/TrackStar/trackstar/protected/modules/admin/models/SysMessage.php (24)
in /Users/jeff/TrackStar/trackstar/protected/controllers/ProjectController.php (156)
in /Users/jeff/TrackStar/trackstar/index.php (11)
2010/07/07 22:40:13 [trace] [system.db.ar.CActiveRecord] SysMessage.find()
in /Users/jeff/TrackStar/trackstar/protected/controllers/ProjectController.php (158)
in /Users/jeff/TrackStar/trackstar/index.php (11)
2010/07/07 22:40:13 [trace] [system.db.CDbCommand] Querying SQL: SELECT * FROM `tbl_sys_message` `t` ORDER BY t.update_time DESC LIMIT 1
in /Users/jeff/TrackStar/trackstar/protected/controllers/ProjectController.php (158)
in /Users/jeff/TrackStar/trackstar/index.php (11)
2010/07/07 22:40:13 [trace] [system.CModule] Loading "themeManager" application component
in /Users/jeff/TrackStar/trackstar/protected/controllers/ProjectController.php (168)
in /Users/jeff/TrackStar/trackstar/index.php (11)
2010/07/07 22:40:13 [trace] [system.db.CDbCommand] Querying SQL: SHOW COLUMNS FROM `tbl_project`
in /Users/jeff/TrackStar/Yii-1.1.2/framework/zii/widgets/CBaseListView.php (99)
in /Users/jeff/TrackStar/Yii-1.1.2/framework/zii/widgets/CListView.php (151)
in /Users/jeff/TrackStar/trackstar/protected/views/project/index.php (29)
2010/07/07 22:40:13 [trace] [system.db.CDbCommand] Querying SQL: SHOW CREATE TABLE `tbl_project`
in /Users/jeff/TrackStar/Yii-1.1.2/framework/zii/widgets/CBaseListView.php (99)
in /Users/jeff/TrackStar/Yii-1.1.2/framework/zii/widgets/CListView.php (151)
in /Users/jeff/TrackStar/trackstar/protected/views/project/index.php (29)
2010/07/07 22:40:13 [trace] [system.db.ar.CActiveRecord] Project.count()
in /Users/jeff/TrackStar/Yii-1.1.2/framework/zii/widgets/CBaseListView.php (99)
in /Users/jeff/TrackStar/Yii-1.1.2/framework/zii/widgets/CListView.php (151)
in /Users/jeff/TrackStar/trackstar/protected/views/project/index.php (29)
2010/07/07 22:40:13 [trace] [system.db.CDbCommand] Querying SQL: SELECT COUNT(*) FROM `tbl_project` `t`
in /Users/jeff/TrackStar/Yii-1.1.2/framework/zii/widgets/CBaseListView.php (99)
in /Users/jeff/TrackStar/Yii-1.1.2/framework/zii/widgets/CListView.php (151)
in /Users/jeff/TrackStar/trackstar/protected/views/project/index.php (29)
2010/07/07 22:40:13 [trace] [system.db.ar.CActiveRecord] Project.findAll()
in /Users/jeff/TrackStar/Yii-1.1.2/framework/zii/widgets/CBaseListView.php (99)
in /Users/jeff/TrackStar/Yii-1.1.2/framework/zii/widgets/CListView.php (151)
in /Users/jeff/TrackStar/trackstar/protected/views/project/index.php (29)
2010/07/07 22:40:13 [trace] [system.db.CDbCommand] Querying SQL: SELECT * FROM `tbl_project` `t` LIMIT 10
in /Users/jeff/TrackStar/Yii-1.1.2/framework/zii/widgets/CBaseListView.php (99)
in /Users/jeff/TrackStar/Yii-1.1.2/framework/zii/widgets/CListView.php (151)
in /Users/jeff/TrackStar/trackstar/protected/views/project/index.php (29)
2010/07/07 22:40:13 [trace] [system.CModule] Loading "assetManager" application component
in /Users/jeff/TrackStar/Yii-1.1.2/framework/zii/widgets/CListView.php (157)
in /Users/jeff/TrackStar/trackstar/protected/views/project/index.php (29)
in /Users/jeff/TrackStar/trackstar/protected/controllers/ProjectController.php (168)
2010/07/07 22:40:13 [trace] [system.CModule] Loading "coreMessages" application component
in /Users/jeff/TrackStar/Yii-1.1.2/framework/zii/widgets/CBaseListView.php (197)
in /Users/jeff/TrackStar/Yii-1.1.2/framework/zii/widgets/CBaseListView.php (152)
in /Users/jeff/TrackStar/Yii-1.1.2/framework/zii/widgets/CBaseListView.php (135)
2010/07/07 22:40:13 [trace] [system.db.CDbCommand] Querying SQL: SHOW COLUMNS FROM `tbl_comment`
in /Users/jeff/TrackStar/trackstar/protected/models/Comment.php (25)
in /Users/jeff/TrackStar/trackstar/protected/components/RecentComments.php (13)
in /Users/jeff/TrackStar/trackstar/protected/views/project/index.php (35)
2010/07/07 22:40:13 [trace] [system.db.CDbCommand] Querying SQL: SHOW CREATE TABLE `tbl_comment`
in /Users/jeff/TrackStar/trackstar/protected/models/Comment.php (25)
in /Users/jeff/TrackStar/trackstar/protected/components/RecentComments.php (13)
in /Users/jeff/TrackStar/trackstar/protected/views/project/index.php (35)
2010/07/07 22:40:13 [trace] [system.db.CDbCommand] Querying SQL: SHOW COLUMNS FROM `tbl_issue`
in /Users/jeff/TrackStar/trackstar/protected/models/Comment.php (127)
in /Users/jeff/TrackStar/trackstar/protected/components/RecentComments.php (13)
in /Users/jeff/TrackStar/trackstar/protected/views/project/index.php (35)
2010/07/07 22:40:13 [trace] [system.db.CDbCommand] Querying SQL: SHOW CREATE TABLE `tbl_issue`
in /Users/jeff/TrackStar/trackstar/protected/models/Comment.php (127)
in /Users/jeff/TrackStar/trackstar/protected/components/RecentComments.php (13)
in /Users/jeff/TrackStar/trackstar/protected/views/project/index.php (35)
2010/07/07 22:40:13 [trace] [system.db.ar.CActiveRecord] Comment.findAll() eagerly
in /Users/jeff/TrackStar/trackstar/protected/models/Comment.php (130)
in /Users/jeff/TrackStar/trackstar/protected/components/RecentComments.php (13)
in /Users/jeff/TrackStar/trackstar/protected/views/project/index.php (35)
2010/07/07 22:40:13 [trace] [system.db.CDbCommand] Querying SQL: SELECT `t`.`id` AS `t0_c0`, `t`.`content` AS `t0_c1`, `t`.`issue_id` AS `t0_c2`, `t`.`create_time` AS `t0_c3`, `t`.`create_user_id` AS `t0_c4`, `t`.`update_time` AS `t0_c5`, `t`.`update_user_id` AS `t0_c6`, `issue`.`id` AS `t1_c0`, `issue`.`name` AS `t1_c1`, `issue`.`description` AS `t1_c2`, `issue`.`project_id` AS `t1_c3`, `issue`.`type_id` AS `t1_c4`, `issue`.`status_id` AS `t1_c5`, `issue`.`owner_id` AS `t1_c6`, `issue`.`requester_id` AS `t1_c7`, `issue`.`create_time` AS `t1_c8`, `issue`.`create_user_id` AS `t1_c9`, `issue`.`update_time` AS `t1_c10`, `issue`.`update_user_id` AS `t1_c11` FROM `tbl_comment` `t`  LEFT OUTER JOIN `tbl_issue` `issue` ON (`t`.`issue_id`=`issue`.`id`) ORDER BY t.create_time DESC LIMIT 5
in /Users/jeff/TrackStar/trackstar/protected/models/Comment.php (130)
in /Users/jeff/TrackStar/trackstar/protected/components/RecentComments.php (13)
in /Users/jeff/TrackStar/trackstar/protected/views/project/index.php (35)
2010/07/07 22:40:13 [trace] [system.db.ar.CActiveRecord] lazy loading Comment.author
in /Users/jeff/TrackStar/trackstar/protected/components/views/recentComments.php (4)
in /Users/jeff/TrackStar/trackstar/protected/components/RecentComments.php (24)
in /Users/jeff/TrackStar/trackstar/protected/views/project/index.php (35)
2010/07/07 22:40:13 [trace] [system.db.CDbCommand] Querying SQL: SHOW COLUMNS FROM `tbl_user`
in /Users/jeff/TrackStar/trackstar/protected/components/views/recentComments.php (4)
in /Users/jeff/TrackStar/trackstar/protected/components/RecentComments.php (24)
in /Users/jeff/TrackStar/trackstar/protected/views/project/index.php (35)
2010/07/07 22:40:13 [trace] [system.db.CDbCommand] Querying SQL: SHOW CREATE TABLE `tbl_user`
in /Users/jeff/TrackStar/trackstar/protected/components/views/recentComments.php (4)
in /Users/jeff/TrackStar/trackstar/protected/components/RecentComments.php (24)
in /Users/jeff/TrackStar/trackstar/protected/views/project/index.php (35)
2010/07/07 22:40:13 [trace] [system.db.CDbCommand] Querying SQL: SELECT `author`.`id` AS `t1_c0`, `author`.`email` AS `t1_c1`, `author`.`username` AS `t1_c2`, `author`.`password` AS `t1_c3`, `author`.`last_login_time` AS `t1_c4`, `author`.`create_time` AS `t1_c5`, `author`.`create_user_id` AS `t1_c6`, `author`.`update_time` AS `t1_c7`, `author`.`update_user_id` AS `t1_c8` FROM `tbl_user` `author` WHERE (`author`.`id`=:ypl0)
in /Users/jeff/TrackStar/trackstar/protected/components/views/recentComments.php (4)
in /Users/jeff/TrackStar/trackstar/protected/components/RecentComments.php (24)
in /Users/jeff/TrackStar/trackstar/protected/views/project/index.php (35)
2010/07/07 22:40:13 [trace] [system.CModule] Loading "authManager" application component
in /Users/jeff/TrackStar/trackstar/themes/new/views/layouts/main.php (33)
in /Users/jeff/TrackStar/trackstar/protected/views/layouts/column2.php (24)
in /Users/jeff/TrackStar/trackstar/protected/controllers/ProjectController.php (168)
2010/07/07 22:40:13 [trace] [system.db.CDbCommand] Querying SQL: SELECT name, type, description, t1.bizrule, t1.data, t2.bizrule AS bizrule2, t2.data AS data2 FROM AuthItem t1, AuthAssignment t2 WHERE name=itemname AND userid=:userid
in /Users/jeff/TrackStar/trackstar/themes/new/views/layouts/main.php (33)
in /Users/jeff/TrackStar/trackstar/protected/views/layouts/column2.php (24)
in /Users/jeff/TrackStar/trackstar/protected/controllers/ProjectController.php (168)
2010/07/07 22:40:13 [trace] [system.web.auth.CDbAuthManager] Checking permission "admin"
in /Users/jeff/TrackStar/trackstar/themes/new/views/layouts/main.php (33)
in /Users/jeff/TrackStar/trackstar/protected/views/layouts/column2.php (24)
in /Users/jeff/TrackStar/trackstar/protected/controllers/ProjectController.php (168)
2010/07/07 22:40:13 [trace] [system.CModule] Loading "log" application component
in /Users/jeff/TrackStar/trackstar/index.php (11)
2010/07/07 22:40:13 [trace] [system.CModule] Loading "request" application component
in /Users/jeff/TrackStar/trackstar/index.php (11)
2010/07/07 22:40:13 [trace] [system.CModule] Loading "urlManager" application component
in /Users/jeff/TrackStar/trackstar/index.php (11)
2010/07/07 22:40:13 [trace] [system.web.filters.CFilterChain] Running filter ProjectController.filteraccessControl()
in /Users/jeff/TrackStar/trackstar/index.php (11)
2010/07/07 22:40:13 [trace] [system.CModule] Loading "user" application component
in /Users/jeff/TrackStar/trackstar/index.php (11)
2010/07/07 22:40:13 [trace] [system.CModule] Loading "session" application component
in /Users/jeff/TrackStar/trackstar/index.php (11)
2010/07/07 22:40:13 [trace] [system.CModule] Loading "clientScript" application component
in /Users/jeff/TrackStar/trackstar/protected/controllers/ProjectController.php (150)
in /Users/jeff/TrackStar/trackstar/index.php (11)
2010/07/07 22:40:13 [trace] [system.CModule] Loading "db" application component
in /Users/jeff/TrackStar/trackstar/protected/modules/admin/models/SysMessage.php (24)
in /Users/jeff/TrackStar/trackstar/protected/controllers/ProjectController.php (156)
in /Users/jeff/TrackStar/trackstar/index.php (11)
2010/07/07 22:40:13 [trace] [system.db.CDbConnection] Opening DB connection
in /Users/jeff/TrackStar/trackstar/protected/modules/admin/models/SysMessage.php (24)
in /Users/jeff/TrackStar/trackstar/protected/controllers/ProjectController.php (156)
in /Users/jeff/TrackStar/trackstar/index.php (11)
2010/07/07 22:40:13 [trace] [system.db.CDbCommand] Querying SQL: SHOW COLUMNS FROM `tbl_sys_message`
in /Users/jeff/TrackStar/trackstar/protected/modules/admin/models/SysMessage.php (24)
in /Users/jeff/TrackStar/trackstar/protected/controllers/ProjectController.php (156)
in /Users/jeff/TrackStar/trackstar/index.php (11)
2010/07/07 22:40:13 [trace] [system.db.CDbCommand] Querying SQL: SHOW CREATE TABLE `tbl_sys_message`
in /Users/jeff/TrackStar/trackstar/protected/modules/admin/models/SysMessage.php (24)
in /Users/jeff/TrackStar/trackstar/protected/controllers/ProjectController.php (156)
in /Users/jeff/TrackStar/trackstar/index.php (11)
2010/07/07 22:40:13 [trace] [system.db.ar.CActiveRecord] SysMessage.find()
in /Users/jeff/TrackStar/trackstar/protected/controllers/ProjectController.php (158)
in /Users/jeff/TrackStar/trackstar/index.php (11)
2010/07/07 22:40:13 [trace] [system.db.CDbCommand] Querying SQL: SELECT * FROM `tbl_sys_message` `t` ORDER BY t.update_time DESC LIMIT 1
in /Users/jeff/TrackStar/trackstar/protected/controllers/ProjectController.php (158)
in /Users/jeff/TrackStar/trackstar/index.php (11)
2010/07/07 22:40:13 [trace] [system.CModule] Loading "themeManager" application component
in /Users/jeff/TrackStar/trackstar/protected/controllers/ProjectController.php (168)
in /Users/jeff/TrackStar/trackstar/index.php (11)
2010/07/07 22:40:13 [trace] [system.db.CDbCommand] Querying SQL: SHOW COLUMNS FROM `tbl_project`
in /Users/jeff/TrackStar/Yii-1.1.2/framework/zii/widgets/CBaseListView.php (99)
in /Users/jeff/TrackStar/Yii-1.1.2/framework/zii/widgets/CListView.php (151)
in /Users/jeff/TrackStar/trackstar/protected/views/project/index.php (29)
2010/07/07 22:40:13 [trace] [system.db.CDbCommand] Querying SQL: SHOW CREATE TABLE `tbl_project`
in /Users/jeff/TrackStar/Yii-1.1.2/framework/zii/widgets/CBaseListView.php (99)
in /Users/jeff/TrackStar/Yii-1.1.2/framework/zii/widgets/CListView.php (151)
in /Users/jeff/TrackStar/trackstar/protected/views/project/index.php (29)
2010/07/07 22:40:13 [trace] [system.db.ar.CActiveRecord] Project.count()
in /Users/jeff/TrackStar/Yii-1.1.2/framework/zii/widgets/CBaseListView.php (99)
in /Users/jeff/TrackStar/Yii-1.1.2/framework/zii/widgets/CListView.php (151)
in /Users/jeff/TrackStar/trackstar/protected/views/project/index.php (29)
2010/07/07 22:40:13 [trace] [system.db.CDbCommand] Querying SQL: SELECT COUNT(*) FROM `tbl_project` `t`
in /Users/jeff/TrackStar/Yii-1.1.2/framework/zii/widgets/CBaseListView.php (99)
in /Users/jeff/TrackStar/Yii-1.1.2/framework/zii/widgets/CListView.php (151)
in /Users/jeff/TrackStar/trackstar/protected/views/project/index.php (29)
2010/07/07 22:40:13 [trace] [system.db.ar.CActiveRecord] Project.findAll()
in /Users/jeff/TrackStar/Yii-1.1.2/framework/zii/widgets/CBaseListView.php (99)
in /Users/jeff/TrackStar/Yii-1.1.2/framework/zii/widgets/CListView.php (151)
in /Users/jeff/TrackStar/trackstar/protected/views/project/index.php (29)
2010/07/07 22:40:13 [trace] [system.db.CDbCommand] Querying SQL: SELECT * FROM `tbl_project` `t` LIMIT 10
in /Users/jeff/TrackStar/Yii-1.1.2/framework/zii/widgets/CBaseListView.php (99)
in /Users/jeff/TrackStar/Yii-1.1.2/framework/zii/widgets/CListView.php (151)
in /Users/jeff/TrackStar/trackstar/protected/views/project/index.php (29)
2010/07/07 22:40:13 [trace] [system.CModule] Loading "assetManager" application component
in /Users/jeff/TrackStar/Yii-1.1.2/framework/zii/widgets/CListView.php (157)
in /Users/jeff/TrackStar/trackstar/protected/views/project/index.php (29)
in /Users/jeff/TrackStar/trackstar/protected/controllers/ProjectController.php (168)
2010/07/07 22:40:13 [trace] [system.CModule] Loading "coreMessages" application component
in /Users/jeff/TrackStar/Yii-1.1.2/framework/zii/widgets/CBaseListView.php (197)
in /Users/jeff/TrackStar/Yii-1.1.2/framework/zii/widgets/CBaseListView.php (152)
in /Users/jeff/TrackStar/Yii-1.1.2/framework/zii/widgets/CBaseListView.php (135)
2010/07/07 22:40:13 [trace] [system.db.CDbCommand] Querying SQL: SHOW COLUMNS FROM `tbl_comment`
in /Users/jeff/TrackStar/trackstar/protected/models/Comment.php (25)
in /Users/jeff/TrackStar/trackstar/protected/components/RecentComments.php (13)
in /Users/jeff/TrackStar/trackstar/protected/views/project/index.php (35)
2010/07/07 22:40:13 [trace] [system.db.CDbCommand] Querying SQL: SHOW CREATE TABLE `tbl_comment`
in /Users/jeff/TrackStar/trackstar/protected/models/Comment.php (25)
in /Users/jeff/TrackStar/trackstar/protected/components/RecentComments.php (13)
in /Users/jeff/TrackStar/trackstar/protected/views/project/index.php (35)
2010/07/07 22:40:13 [trace] [system.db.CDbCommand] Querying SQL: SHOW COLUMNS FROM `tbl_issue`
in /Users/jeff/TrackStar/trackstar/protected/models/Comment.php (127)
in /Users/jeff/TrackStar/trackstar/protected/components/RecentComments.php (13)
in /Users/jeff/TrackStar/trackstar/protected/views/project/index.php (35)
2010/07/07 22:40:13 [trace] [system.db.CDbCommand] Querying SQL: SHOW CREATE TABLE `tbl_issue`
in /Users/jeff/TrackStar/trackstar/protected/models/Comment.php (127)
in /Users/jeff/TrackStar/trackstar/protected/components/RecentComments.php (13)
in /Users/jeff/TrackStar/trackstar/protected/views/project/index.php (35)
2010/07/07 22:40:13 [trace] [system.db.ar.CActiveRecord] Comment.findAll() eagerly
in /Users/jeff/TrackStar/trackstar/protected/models/Comment.php (130)
in /Users/jeff/TrackStar/trackstar/protected/components/RecentComments.php (13)
in /Users/jeff/TrackStar/trackstar/protected/views/project/index.php (35)
2010/07/07 22:40:13 [trace] [system.db.CDbCommand] Querying SQL: SELECT `t`.`id` AS `t0_c0`, `t`.`content` AS `t0_c1`, `t`.`issue_id` AS `t0_c2`, `t`.`create_time` AS `t0_c3`, `t`.`create_user_id` AS `t0_c4`, `t`.`update_time` AS `t0_c5`, `t`.`update_user_id` AS `t0_c6`, `issue`.`id` AS `t1_c0`, `issue`.`name` AS `t1_c1`, `issue`.`description` AS `t1_c2`, `issue`.`project_id` AS `t1_c3`, `issue`.`type_id` AS `t1_c4`, `issue`.`status_id` AS `t1_c5`, `issue`.`owner_id` AS `t1_c6`, `issue`.`requester_id` AS `t1_c7`, `issue`.`create_time` AS `t1_c8`, `issue`.`create_user_id` AS `t1_c9`, `issue`.`update_time` AS `t1_c10`, `issue`.`update_user_id` AS `t1_c11` FROM `tbl_comment` `t`  LEFT OUTER JOIN `tbl_issue` `issue` ON (`t`.`issue_id`=`issue`.`id`) ORDER BY t.create_time DESC LIMIT 5
in /Users/jeff/TrackStar/trackstar/protected/models/Comment.php (130)
in /Users/jeff/TrackStar/trackstar/protected/components/RecentComments.php (13)
in /Users/jeff/TrackStar/trackstar/protected/views/project/index.php (35)
2010/07/07 22:40:13 [trace] [system.db.ar.CActiveRecord] lazy loading Comment.author
in /Users/jeff/TrackStar/trackstar/protected/components/views/recentComments.php (4)
in /Users/jeff/TrackStar/trackstar/protected/components/RecentComments.php (24)
in /Users/jeff/TrackStar/trackstar/protected/views/project/index.php (35)
2010/07/07 22:40:13 [trace] [system.db.CDbCommand] Querying SQL: SHOW COLUMNS FROM `tbl_user`
in /Users/jeff/TrackStar/trackstar/protected/components/views/recentComments.php (4)
in /Users/jeff/TrackStar/trackstar/protected/components/RecentComments.php (24)
in /Users/jeff/TrackStar/trackstar/protected/views/project/index.php (35)
2010/07/07 22:40:13 [trace] [system.db.CDbCommand] Querying SQL: SHOW CREATE TABLE `tbl_user`
in /Users/jeff/TrackStar/trackstar/protected/components/views/recentComments.php (4)
in /Users/jeff/TrackStar/trackstar/protected/components/RecentComments.php (24)
in /Users/jeff/TrackStar/trackstar/protected/views/project/index.php (35)
2010/07/07 22:40:13 [trace] [system.db.CDbCommand] Querying SQL: SELECT `author`.`id` AS `t1_c0`, `author`.`email` AS `t1_c1`, `author`.`username` AS `t1_c2`, `author`.`password` AS `t1_c3`, `author`.`last_login_time` AS `t1_c4`, `author`.`create_time` AS `t1_c5`, `author`.`create_user_id` AS `t1_c6`, `author`.`update_time` AS `t1_c7`, `author`.`update_user_id` AS `t1_c8` FROM `tbl_user` `author` WHERE (`author`.`id`=:ypl0)
in /Users/jeff/TrackStar/trackstar/protected/components/views/recentComments.php (4)
in /Users/jeff/TrackStar/trackstar/protected/components/RecentComments.php (24)
in /Users/jeff/TrackStar/trackstar/protected/views/project/index.php (35)
2010/07/07 22:40:13 [trace] [system.CModule] Loading "authManager" application component
in /Users/jeff/TrackStar/trackstar/themes/new/views/layouts/main.php (33)
in /Users/jeff/TrackStar/trackstar/protected/views/layouts/column2.php (24)
in /Users/jeff/TrackStar/trackstar/protected/controllers/ProjectController.php (168)
2010/07/07 22:40:13 [trace] [system.db.CDbCommand] Querying SQL: SELECT name, type, description, t1.bizrule, t1.data, t2.bizrule AS bizrule2, t2.data AS data2 FROM AuthItem t1, AuthAssignment t2 WHERE name=itemname AND userid=:userid
in /Users/jeff/TrackStar/trackstar/themes/new/views/layouts/main.php (33)
in /Users/jeff/TrackStar/trackstar/protected/views/layouts/column2.php (24)
in /Users/jeff/TrackStar/trackstar/protected/controllers/ProjectController.php (168)
2010/07/07 22:40:13 [trace] [system.web.auth.CDbAuthManager] Checking permission "admin"
in /Users/jeff/TrackStar/trackstar/themes/new/views/layouts/main.php (33)
in /Users/jeff/TrackStar/trackstar/protected/views/layouts/column2.php (24)
in /Users/jeff/TrackStar/trackstar/protected/controllers/ProjectController.php (168)
2010/07/07 22:42:28 [trace] [system.CModule] Loading "log" application component
in /Users/jeff/TrackStar/trackstar/index.php (11)
2010/07/07 22:42:28 [trace] [system.CModule] Loading "request" application component
in /Users/jeff/TrackStar/trackstar/index.php (11)
2010/07/07 22:42:28 [trace] [system.CModule] Loading "urlManager" application component
in /Users/jeff/TrackStar/trackstar/index.php (11)
2010/07/07 22:42:28 [trace] [system.CModule] Loading "user" application component
in /Users/jeff/TrackStar/trackstar/protected/controllers/SiteController.php (123)
in /Users/jeff/TrackStar/trackstar/index.php (11)
2010/07/07 22:42:28 [trace] [system.CModule] Loading "session" application component
in /Users/jeff/TrackStar/trackstar/protected/controllers/SiteController.php (123)
in /Users/jeff/TrackStar/trackstar/index.php (11)
2010/07/07 22:42:28 [trace] [system.CModule] Loading "log" application component
in /Users/jeff/TrackStar/trackstar/index.php (11)
2010/07/07 22:42:28 [trace] [system.CModule] Loading "request" application component
in /Users/jeff/TrackStar/trackstar/index.php (11)
2010/07/07 22:42:28 [trace] [system.CModule] Loading "urlManager" application component
in /Users/jeff/TrackStar/trackstar/index.php (11)
2010/07/07 22:42:28 [trace] [system.web.filters.CFilterChain] Running filter ProjectController.filteraccessControl()
in /Users/jeff/TrackStar/trackstar/index.php (11)
2010/07/07 22:42:28 [trace] [system.CModule] Loading "user" application component
in /Users/jeff/TrackStar/trackstar/index.php (11)
2010/07/07 22:42:28 [trace] [system.CModule] Loading "session" application component
in /Users/jeff/TrackStar/trackstar/index.php (11)
2010/07/07 22:42:28 [trace] [system.CModule] Loading "coreMessages" application component
in /Users/jeff/TrackStar/trackstar/index.php (11)
2010/07/07 22:42:28 [trace] [system.CModule] Loading "log" application component
in /Users/jeff/TrackStar/trackstar/index.php (11)
2010/07/07 22:42:28 [trace] [system.CModule] Loading "request" application component
in /Users/jeff/TrackStar/trackstar/index.php (11)
2010/07/07 22:42:28 [trace] [system.CModule] Loading "urlManager" application component
in /Users/jeff/TrackStar/trackstar/index.php (11)
2010/07/07 22:42:28 [trace] [application.controllers.SiteController] The actionLogin() method is being requested
in /Users/jeff/TrackStar/trackstar/protected/controllers/SiteController.php (80)
in /Users/jeff/TrackStar/trackstar/index.php (11)
2010/07/07 22:42:28 [trace] [system.CModule] Loading "user" application component
in /Users/jeff/TrackStar/trackstar/protected/controllers/SiteController.php (82)
in /Users/jeff/TrackStar/trackstar/index.php (11)
2010/07/07 22:42:28 [trace] [system.CModule] Loading "session" application component
in /Users/jeff/TrackStar/trackstar/protected/controllers/SiteController.php (82)
in /Users/jeff/TrackStar/trackstar/index.php (11)
2010/07/07 22:42:28 [trace] [system.CModule] Loading "themeManager" application component
in /Users/jeff/TrackStar/trackstar/protected/controllers/SiteController.php (114)
in /Users/jeff/TrackStar/trackstar/index.php (11)
2010/07/07 22:42:28 [trace] [system.CModule] Loading "messages" application component
in /Users/jeff/TrackStar/trackstar/protected/models/LoginForm.php (39)
in /Users/jeff/TrackStar/trackstar/protected/views/site/rev/login.php (21)
in /Users/jeff/TrackStar/trackstar/protected/controllers/SiteController.php (114)
2010/07/07 22:42:28 [trace] [system.CModule] Loading "clientScript" application component
in /Users/jeff/TrackStar/trackstar/protected/views/site/rev/login.php (45)
in /Users/jeff/TrackStar/trackstar/protected/controllers/SiteController.php (114)
in /Users/jeff/TrackStar/trackstar/index.php (11)
2010/07/07 22:42:28 [trace] [system.CModule] Loading "authManager" application component
in /Users/jeff/TrackStar/trackstar/themes/new/views/layouts/main.php (33)
in /Users/jeff/TrackStar/trackstar/protected/views/layouts/column1.php (8)
in /Users/jeff/TrackStar/trackstar/protected/controllers/SiteController.php (114)
2010/07/07 22:42:28 [trace] [system.CModule] Loading "db" application component
in /Users/jeff/TrackStar/trackstar/themes/new/views/layouts/main.php (33)
in /Users/jeff/TrackStar/trackstar/protected/views/layouts/column1.php (8)
in /Users/jeff/TrackStar/trackstar/protected/controllers/SiteController.php (114)
2010/07/07 22:42:28 [trace] [system.db.CDbConnection] Opening DB connection
in /Users/jeff/TrackStar/trackstar/themes/new/views/layouts/main.php (33)
in /Users/jeff/TrackStar/trackstar/protected/views/layouts/column1.php (8)
in /Users/jeff/TrackStar/trackstar/protected/controllers/SiteController.php (114)
2010/07/07 22:42:28 [trace] [system.db.CDbCommand] Querying SQL: SELECT name, type, description, t1.bizrule, t1.data, t2.bizrule AS bizrule2, t2.data AS data2 FROM AuthItem t1, AuthAssignment t2 WHERE name=itemname AND userid=:userid
in /Users/jeff/TrackStar/trackstar/themes/new/views/layouts/main.php (33)
in /Users/jeff/TrackStar/trackstar/protected/views/layouts/column1.php (8)
in /Users/jeff/TrackStar/trackstar/protected/controllers/SiteController.php (114)
2010/07/07 22:42:28 [trace] [system.CModule] Loading "assetManager" application component
in /Users/jeff/TrackStar/trackstar/protected/controllers/SiteController.php (114)
in /Users/jeff/TrackStar/trackstar/index.php (11)
2010/07/07 22:42:30 [trace] [system.CModule] Loading "log" application component
in /Users/jeff/TrackStar/trackstar/index.php (11)
2010/07/07 22:42:30 [trace] [system.CModule] Loading "request" application component
in /Users/jeff/TrackStar/trackstar/index.php (11)
2010/07/07 22:42:30 [trace] [system.CModule] Loading "urlManager" application component
in /Users/jeff/TrackStar/trackstar/index.php (11)
2010/07/07 22:42:30 [trace] [application.controllers.SiteController] The actionLogin() method is being requested
in /Users/jeff/TrackStar/trackstar/protected/controllers/SiteController.php (80)
in /Users/jeff/TrackStar/trackstar/index.php (11)
2010/07/07 22:42:30 [trace] [system.CModule] Loading "user" application component
in /Users/jeff/TrackStar/trackstar/protected/controllers/SiteController.php (82)
in /Users/jeff/TrackStar/trackstar/index.php (11)
2010/07/07 22:42:30 [trace] [system.CModule] Loading "session" application component
in /Users/jeff/TrackStar/trackstar/protected/controllers/SiteController.php (82)
in /Users/jeff/TrackStar/trackstar/index.php (11)
2010/07/07 22:42:30 [trace] [system.CModule] Loading "coreMessages" application component
in /Users/jeff/TrackStar/trackstar/protected/controllers/SiteController.php (101)
in /Users/jeff/TrackStar/trackstar/index.php (11)
2010/07/07 22:42:30 [trace] [system.CModule] Loading "messages" application component
in /Users/jeff/TrackStar/trackstar/protected/models/LoginForm.php (39)
in /Users/jeff/TrackStar/trackstar/protected/controllers/SiteController.php (101)
in /Users/jeff/TrackStar/trackstar/index.php (11)
2010/07/07 22:42:30 [trace] [system.CModule] Loading "db" application component
in /Users/jeff/TrackStar/trackstar/protected/models/User.php (29)
in /Users/jeff/TrackStar/trackstar/protected/components/UserIdentity.php (17)
in /Users/jeff/TrackStar/trackstar/protected/models/LoginForm.php (52)
2010/07/07 22:42:30 [trace] [system.db.CDbConnection] Opening DB connection
in /Users/jeff/TrackStar/trackstar/protected/models/User.php (29)
in /Users/jeff/TrackStar/trackstar/protected/components/UserIdentity.php (17)
in /Users/jeff/TrackStar/trackstar/protected/models/LoginForm.php (52)
2010/07/07 22:42:30 [trace] [system.db.CDbCommand] Querying SQL: SHOW COLUMNS FROM `tbl_user`
in /Users/jeff/TrackStar/trackstar/protected/models/User.php (29)
in /Users/jeff/TrackStar/trackstar/protected/components/UserIdentity.php (17)
in /Users/jeff/TrackStar/trackstar/protected/models/LoginForm.php (52)
2010/07/07 22:42:30 [trace] [system.db.CDbCommand] Querying SQL: SHOW CREATE TABLE `tbl_user`
in /Users/jeff/TrackStar/trackstar/protected/models/User.php (29)
in /Users/jeff/TrackStar/trackstar/protected/components/UserIdentity.php (17)
in /Users/jeff/TrackStar/trackstar/protected/models/LoginForm.php (52)
2010/07/07 22:42:30 [trace] [system.db.ar.CActiveRecord] User.findByAttributes()
in /Users/jeff/TrackStar/trackstar/protected/components/UserIdentity.php (17)
in /Users/jeff/TrackStar/trackstar/protected/models/LoginForm.php (52)
in /Users/jeff/TrackStar/trackstar/protected/controllers/SiteController.php (101)
2010/07/07 22:42:30 [trace] [system.db.CDbCommand] Querying SQL: SELECT * FROM `tbl_user` `t` WHERE `t`.`username`=:yp0 LIMIT 1
in /Users/jeff/TrackStar/trackstar/protected/components/UserIdentity.php (17)
in /Users/jeff/TrackStar/trackstar/protected/models/LoginForm.php (52)
in /Users/jeff/TrackStar/trackstar/protected/controllers/SiteController.php (101)
2010/07/07 22:42:30 [trace] [system.CModule] Loading "themeManager" application component
in /Users/jeff/TrackStar/trackstar/protected/controllers/SiteController.php (114)
in /Users/jeff/TrackStar/trackstar/index.php (11)
2010/07/07 22:42:30 [trace] [system.CModule] Loading "clientScript" application component
in /Users/jeff/TrackStar/trackstar/protected/views/site/rev/login.php (45)
in /Users/jeff/TrackStar/trackstar/protected/controllers/SiteController.php (114)
in /Users/jeff/TrackStar/trackstar/index.php (11)
2010/07/07 22:42:30 [trace] [system.CModule] Loading "authManager" application component
in /Users/jeff/TrackStar/trackstar/themes/new/views/layouts/main.php (33)
in /Users/jeff/TrackStar/trackstar/protected/views/layouts/column1.php (8)
in /Users/jeff/TrackStar/trackstar/protected/controllers/SiteController.php (114)
2010/07/07 22:42:30 [trace] [system.db.CDbCommand] Querying SQL: SELECT name, type, description, t1.bizrule, t1.data, t2.bizrule AS bizrule2, t2.data AS data2 FROM AuthItem t1, AuthAssignment t2 WHERE name=itemname AND userid=:userid
in /Users/jeff/TrackStar/trackstar/themes/new/views/layouts/main.php (33)
in /Users/jeff/TrackStar/trackstar/protected/views/layouts/column1.php (8)
in /Users/jeff/TrackStar/trackstar/protected/controllers/SiteController.php (114)
2010/07/07 22:42:30 [trace] [system.CModule] Loading "assetManager" application component
in /Users/jeff/TrackStar/trackstar/protected/controllers/SiteController.php (114)
in /Users/jeff/TrackStar/trackstar/index.php (11)
2010/07/07 22:53:59 [trace] [system.CModule] Loading "log" application component
in /Users/jeff/TrackStar/trackstar/index.php (11)
2010/07/07 22:53:59 [trace] [system.CModule] Loading "request" application component
in /Users/jeff/TrackStar/trackstar/index.php (11)
2010/07/07 22:53:59 [trace] [system.CModule] Loading "urlManager" application component
in /Users/jeff/TrackStar/trackstar/index.php (11)
2010/07/07 22:53:59 [trace] [system.web.filters.CFilterChain] Running filter ProjectController.filteraccessControl()
in /Users/jeff/TrackStar/trackstar/index.php (11)
2010/07/07 22:53:59 [trace] [system.CModule] Loading "user" application component
in /Users/jeff/TrackStar/trackstar/index.php (11)
2010/07/07 22:53:59 [trace] [system.CModule] Loading "session" application component
in /Users/jeff/TrackStar/trackstar/index.php (11)
2010/07/07 22:53:59 [trace] [system.CModule] Loading "coreMessages" application component
in /Users/jeff/TrackStar/trackstar/index.php (11)
2010/07/07 22:53:59 [trace] [system.CModule] Loading "log" application component
in /Users/jeff/TrackStar/trackstar/index.php (11)
2010/07/07 22:53:59 [trace] [system.CModule] Loading "request" application component
in /Users/jeff/TrackStar/trackstar/index.php (11)
2010/07/07 22:53:59 [trace] [system.CModule] Loading "urlManager" application component
in /Users/jeff/TrackStar/trackstar/index.php (11)
2010/07/07 22:53:59 [trace] [application.controllers.SiteController] The actionLogin() method is being requested
in /Users/jeff/TrackStar/trackstar/protected/controllers/SiteController.php (80)
in /Users/jeff/TrackStar/trackstar/index.php (11)
2010/07/07 22:53:59 [trace] [system.CModule] Loading "user" application component
in /Users/jeff/TrackStar/trackstar/protected/controllers/SiteController.php (82)
in /Users/jeff/TrackStar/trackstar/index.php (11)
2010/07/07 22:53:59 [trace] [system.CModule] Loading "session" application component
in /Users/jeff/TrackStar/trackstar/protected/controllers/SiteController.php (82)
in /Users/jeff/TrackStar/trackstar/index.php (11)
2010/07/07 22:53:59 [trace] [system.CModule] Loading "themeManager" application component
in /Users/jeff/TrackStar/trackstar/protected/controllers/SiteController.php (114)
in /Users/jeff/TrackStar/trackstar/index.php (11)
2010/07/07 22:53:59 [trace] [system.CModule] Loading "messages" application component
in /Users/jeff/TrackStar/trackstar/protected/models/LoginForm.php (39)
in /Users/jeff/TrackStar/trackstar/protected/views/site/rev/login.php (21)
in /Users/jeff/TrackStar/trackstar/protected/controllers/SiteController.php (114)
2010/07/07 22:53:59 [trace] [system.CModule] Loading "clientScript" application component
in /Users/jeff/TrackStar/trackstar/protected/views/site/rev/login.php (45)
in /Users/jeff/TrackStar/trackstar/protected/controllers/SiteController.php (114)
in /Users/jeff/TrackStar/trackstar/index.php (11)
2010/07/07 22:53:59 [trace] [system.CModule] Loading "authManager" application component
in /Users/jeff/TrackStar/trackstar/themes/new/views/layouts/main.php (33)
in /Users/jeff/TrackStar/trackstar/protected/views/layouts/column1.php (8)
in /Users/jeff/TrackStar/trackstar/protected/controllers/SiteController.php (114)
2010/07/07 22:53:59 [trace] [system.CModule] Loading "db" application component
in /Users/jeff/TrackStar/trackstar/themes/new/views/layouts/main.php (33)
in /Users/jeff/TrackStar/trackstar/protected/views/layouts/column1.php (8)
in /Users/jeff/TrackStar/trackstar/protected/controllers/SiteController.php (114)
2010/07/07 22:53:59 [trace] [system.db.CDbConnection] Opening DB connection
in /Users/jeff/TrackStar/trackstar/themes/new/views/layouts/main.php (33)
in /Users/jeff/TrackStar/trackstar/protected/views/layouts/column1.php (8)
in /Users/jeff/TrackStar/trackstar/protected/controllers/SiteController.php (114)
2010/07/07 22:53:59 [trace] [system.db.CDbCommand] Querying SQL: SELECT name, type, description, t1.bizrule, t1.data, t2.bizrule AS bizrule2, t2.data AS data2 FROM AuthItem t1, AuthAssignment t2 WHERE name=itemname AND userid=:userid
in /Users/jeff/TrackStar/trackstar/themes/new/views/layouts/main.php (33)
in /Users/jeff/TrackStar/trackstar/protected/views/layouts/column1.php (8)
in /Users/jeff/TrackStar/trackstar/protected/controllers/SiteController.php (114)
2010/07/07 22:53:59 [trace] [system.CModule] Loading "assetManager" application component
in /Users/jeff/TrackStar/trackstar/protected/controllers/SiteController.php (114)
in /Users/jeff/TrackStar/trackstar/index.php (11)
2010/07/07 22:54:08 [trace] [system.CModule] Loading "log" application component
in /Users/jeff/TrackStar/trackstar/index.php (11)
2010/07/07 22:54:08 [trace] [system.CModule] Loading "request" application component
in /Users/jeff/TrackStar/trackstar/index.php (11)
2010/07/07 22:54:08 [trace] [system.CModule] Loading "urlManager" application component
in /Users/jeff/TrackStar/trackstar/index.php (11)
2010/07/07 22:54:08 [trace] [application.controllers.SiteController] The actionLogin() method is being requested
in /Users/jeff/TrackStar/trackstar/protected/controllers/SiteController.php (80)
in /Users/jeff/TrackStar/trackstar/index.php (11)
2010/07/07 22:54:08 [trace] [system.CModule] Loading "user" application component
in /Users/jeff/TrackStar/trackstar/protected/controllers/SiteController.php (82)
in /Users/jeff/TrackStar/trackstar/index.php (11)
2010/07/07 22:54:08 [trace] [system.CModule] Loading "session" application component
in /Users/jeff/TrackStar/trackstar/protected/controllers/SiteController.php (82)
in /Users/jeff/TrackStar/trackstar/index.php (11)
2010/07/07 22:54:08 [trace] [system.CModule] Loading "db" application component
in /Users/jeff/TrackStar/trackstar/protected/models/User.php (29)
in /Users/jeff/TrackStar/trackstar/protected/components/UserIdentity.php (17)
in /Users/jeff/TrackStar/trackstar/protected/models/LoginForm.php (52)
2010/07/07 22:54:08 [trace] [system.db.CDbConnection] Opening DB connection
in /Users/jeff/TrackStar/trackstar/protected/models/User.php (29)
in /Users/jeff/TrackStar/trackstar/protected/components/UserIdentity.php (17)
in /Users/jeff/TrackStar/trackstar/protected/models/LoginForm.php (52)
2010/07/07 22:54:08 [trace] [system.db.CDbCommand] Querying SQL: SHOW COLUMNS FROM `tbl_user`
in /Users/jeff/TrackStar/trackstar/protected/models/User.php (29)
in /Users/jeff/TrackStar/trackstar/protected/components/UserIdentity.php (17)
in /Users/jeff/TrackStar/trackstar/protected/models/LoginForm.php (52)
2010/07/07 22:54:08 [trace] [system.db.CDbCommand] Querying SQL: SHOW CREATE TABLE `tbl_user`
in /Users/jeff/TrackStar/trackstar/protected/models/User.php (29)
in /Users/jeff/TrackStar/trackstar/protected/components/UserIdentity.php (17)
in /Users/jeff/TrackStar/trackstar/protected/models/LoginForm.php (52)
2010/07/07 22:54:08 [trace] [system.db.ar.CActiveRecord] User.findByAttributes()
in /Users/jeff/TrackStar/trackstar/protected/components/UserIdentity.php (17)
in /Users/jeff/TrackStar/trackstar/protected/models/LoginForm.php (52)
in /Users/jeff/TrackStar/trackstar/protected/controllers/SiteController.php (92)
2010/07/07 22:54:08 [trace] [system.db.CDbCommand] Querying SQL: SELECT * FROM `tbl_user` `t` WHERE `t`.`username`=:yp0 LIMIT 1
in /Users/jeff/TrackStar/trackstar/protected/components/UserIdentity.php (17)
in /Users/jeff/TrackStar/trackstar/protected/models/LoginForm.php (52)
in /Users/jeff/TrackStar/trackstar/protected/controllers/SiteController.php (92)
2010/07/07 22:54:10 [trace] [system.CModule] Loading "log" application component
in /Users/jeff/TrackStar/trackstar/index.php (11)
2010/07/07 22:54:10 [trace] [system.CModule] Loading "request" application component
in /Users/jeff/TrackStar/trackstar/index.php (11)
2010/07/07 22:54:10 [trace] [system.CModule] Loading "urlManager" application component
in /Users/jeff/TrackStar/trackstar/index.php (11)
2010/07/07 22:54:10 [trace] [application.controllers.SiteController] The actionLogin() method is being requested
in /Users/jeff/TrackStar/trackstar/protected/controllers/SiteController.php (80)
in /Users/jeff/TrackStar/trackstar/index.php (11)
2010/07/07 22:54:10 [trace] [system.CModule] Loading "user" application component
in /Users/jeff/TrackStar/trackstar/protected/controllers/SiteController.php (82)
in /Users/jeff/TrackStar/trackstar/index.php (11)
2010/07/07 22:54:10 [trace] [system.CModule] Loading "session" application component
in /Users/jeff/TrackStar/trackstar/protected/controllers/SiteController.php (82)
in /Users/jeff/TrackStar/trackstar/index.php (11)
2010/07/07 22:54:10 [trace] [system.CModule] Loading "db" application component
in /Users/jeff/TrackStar/trackstar/protected/models/User.php (29)
in /Users/jeff/TrackStar/trackstar/protected/components/UserIdentity.php (17)
in /Users/jeff/TrackStar/trackstar/protected/models/LoginForm.php (52)
2010/07/07 22:54:10 [trace] [system.db.CDbConnection] Opening DB connection
in /Users/jeff/TrackStar/trackstar/protected/models/User.php (29)
in /Users/jeff/TrackStar/trackstar/protected/components/UserIdentity.php (17)
in /Users/jeff/TrackStar/trackstar/protected/models/LoginForm.php (52)
2010/07/07 22:54:10 [trace] [system.db.CDbCommand] Querying SQL: SHOW COLUMNS FROM `tbl_user`
in /Users/jeff/TrackStar/trackstar/protected/models/User.php (29)
in /Users/jeff/TrackStar/trackstar/protected/components/UserIdentity.php (17)
in /Users/jeff/TrackStar/trackstar/protected/models/LoginForm.php (52)
2010/07/07 22:54:10 [trace] [system.db.CDbCommand] Querying SQL: SHOW CREATE TABLE `tbl_user`
in /Users/jeff/TrackStar/trackstar/protected/models/User.php (29)
in /Users/jeff/TrackStar/trackstar/protected/components/UserIdentity.php (17)
in /Users/jeff/TrackStar/trackstar/protected/models/LoginForm.php (52)
2010/07/07 22:54:10 [trace] [system.db.ar.CActiveRecord] User.findByAttributes()
in /Users/jeff/TrackStar/trackstar/protected/components/UserIdentity.php (17)
in /Users/jeff/TrackStar/trackstar/protected/models/LoginForm.php (52)
in /Users/jeff/TrackStar/trackstar/protected/controllers/SiteController.php (92)
2010/07/07 22:54:10 [trace] [system.db.CDbCommand] Querying SQL: SELECT * FROM `tbl_user` `t` WHERE `t`.`username`=:yp0 LIMIT 1
in /Users/jeff/TrackStar/trackstar/protected/components/UserIdentity.php (17)
in /Users/jeff/TrackStar/trackstar/protected/models/LoginForm.php (52)
in /Users/jeff/TrackStar/trackstar/protected/controllers/SiteController.php (92)
2010/07/07 22:54:10 [trace] [system.CModule] Loading "log" application component
in /Users/jeff/TrackStar/trackstar/index.php (11)
2010/07/07 22:54:10 [trace] [system.CModule] Loading "request" application component
in /Users/jeff/TrackStar/trackstar/index.php (11)
2010/07/07 22:54:10 [trace] [system.CModule] Loading "urlManager" application component
in /Users/jeff/TrackStar/trackstar/index.php (11)
2010/07/07 22:54:10 [trace] [application.controllers.SiteController] The actionLogin() method is being requested
in /Users/jeff/TrackStar/trackstar/protected/controllers/SiteController.php (80)
in /Users/jeff/TrackStar/trackstar/index.php (11)
2010/07/07 22:54:10 [trace] [system.CModule] Loading "user" application component
in /Users/jeff/TrackStar/trackstar/protected/controllers/SiteController.php (82)
in /Users/jeff/TrackStar/trackstar/index.php (11)
2010/07/07 22:54:10 [trace] [system.CModule] Loading "session" application component
in /Users/jeff/TrackStar/trackstar/protected/controllers/SiteController.php (82)
in /Users/jeff/TrackStar/trackstar/index.php (11)
2010/07/07 22:54:10 [trace] [system.CModule] Loading "db" application component
in /Users/jeff/TrackStar/trackstar/protected/models/User.php (29)
in /Users/jeff/TrackStar/trackstar/protected/components/UserIdentity.php (17)
in /Users/jeff/TrackStar/trackstar/protected/models/LoginForm.php (52)
2010/07/07 22:54:10 [trace] [system.db.CDbConnection] Opening DB connection
in /Users/jeff/TrackStar/trackstar/protected/models/User.php (29)
in /Users/jeff/TrackStar/trackstar/protected/components/UserIdentity.php (17)
in /Users/jeff/TrackStar/trackstar/protected/models/LoginForm.php (52)
2010/07/07 22:54:10 [trace] [system.db.CDbCommand] Querying SQL: SHOW COLUMNS FROM `tbl_user`
in /Users/jeff/TrackStar/trackstar/protected/models/User.php (29)
in /Users/jeff/TrackStar/trackstar/protected/components/UserIdentity.php (17)
in /Users/jeff/TrackStar/trackstar/protected/models/LoginForm.php (52)
2010/07/07 22:54:10 [trace] [system.db.CDbCommand] Querying SQL: SHOW CREATE TABLE `tbl_user`
in /Users/jeff/TrackStar/trackstar/protected/models/User.php (29)
in /Users/jeff/TrackStar/trackstar/protected/components/UserIdentity.php (17)
in /Users/jeff/TrackStar/trackstar/protected/models/LoginForm.php (52)
2010/07/07 22:54:10 [trace] [system.db.ar.CActiveRecord] User.findByAttributes()
in /Users/jeff/TrackStar/trackstar/protected/components/UserIdentity.php (17)
in /Users/jeff/TrackStar/trackstar/protected/models/LoginForm.php (52)
in /Users/jeff/TrackStar/trackstar/protected/controllers/SiteController.php (101)
2010/07/07 22:54:10 [trace] [system.db.CDbCommand] Querying SQL: SELECT * FROM `tbl_user` `t` WHERE `t`.`username`=:yp0 LIMIT 1
in /Users/jeff/TrackStar/trackstar/protected/components/UserIdentity.php (17)
in /Users/jeff/TrackStar/trackstar/protected/models/LoginForm.php (52)
in /Users/jeff/TrackStar/trackstar/protected/controllers/SiteController.php (101)
2010/07/07 22:54:10 [trace] [system.db.ar.CActiveRecord] User.updateByPk()
in /Users/jeff/TrackStar/trackstar/protected/models/LoginForm.php (71)
in /Users/jeff/TrackStar/trackstar/protected/controllers/SiteController.php (101)
in /Users/jeff/TrackStar/trackstar/index.php (11)
2010/07/07 22:54:10 [trace] [system.db.CDbCommand] Executing SQL: UPDATE `tbl_user` SET `last_login_time`=NOW() WHERE `tbl_user`.`id`=1
in /Users/jeff/TrackStar/trackstar/protected/models/LoginForm.php (71)
in /Users/jeff/TrackStar/trackstar/protected/controllers/SiteController.php (101)
in /Users/jeff/TrackStar/trackstar/index.php (11)
2010/07/07 22:54:11 [info] [application.controllers.SiteController] Successful login of user: 1
in /Users/jeff/TrackStar/trackstar/protected/controllers/SiteController.php (103)
in /Users/jeff/TrackStar/trackstar/index.php (11)
2010/07/07 22:54:11 [trace] [system.CModule] Loading "log" application component
in /Users/jeff/TrackStar/trackstar/index.php (11)
2010/07/07 22:54:11 [trace] [system.CModule] Loading "request" application component
in /Users/jeff/TrackStar/trackstar/index.php (11)
2010/07/07 22:54:11 [trace] [system.CModule] Loading "urlManager" application component
in /Users/jeff/TrackStar/trackstar/index.php (11)
2010/07/07 22:54:11 [trace] [system.web.filters.CFilterChain] Running filter ProjectController.filteraccessControl()
in /Users/jeff/TrackStar/trackstar/index.php (11)
2010/07/07 22:54:11 [trace] [system.CModule] Loading "user" application component
in /Users/jeff/TrackStar/trackstar/index.php (11)
2010/07/07 22:54:11 [trace] [system.CModule] Loading "session" application component
in /Users/jeff/TrackStar/trackstar/index.php (11)
2010/07/07 22:54:11 [trace] [system.CModule] Loading "db" application component
in /Users/jeff/TrackStar/trackstar/protected/models/Project.php (25)
in /Users/jeff/TrackStar/trackstar/protected/controllers/ProjectController.php (204)
in /Users/jeff/TrackStar/trackstar/protected/controllers/ProjectController.php (60)
2010/07/07 22:54:11 [trace] [system.db.CDbConnection] Opening DB connection
in /Users/jeff/TrackStar/trackstar/protected/models/Project.php (25)
in /Users/jeff/TrackStar/trackstar/protected/controllers/ProjectController.php (204)
in /Users/jeff/TrackStar/trackstar/protected/controllers/ProjectController.php (60)
2010/07/07 22:54:11 [trace] [system.db.CDbCommand] Querying SQL: SHOW COLUMNS FROM `tbl_project`
in /Users/jeff/TrackStar/trackstar/protected/models/Project.php (25)
in /Users/jeff/TrackStar/trackstar/protected/controllers/ProjectController.php (204)
in /Users/jeff/TrackStar/trackstar/protected/controllers/ProjectController.php (60)
2010/07/07 22:54:11 [trace] [system.db.CDbCommand] Querying SQL: SHOW CREATE TABLE `tbl_project`
in /Users/jeff/TrackStar/trackstar/protected/models/Project.php (25)
in /Users/jeff/TrackStar/trackstar/protected/controllers/ProjectController.php (204)
in /Users/jeff/TrackStar/trackstar/protected/controllers/ProjectController.php (60)
2010/07/07 22:54:11 [trace] [system.db.ar.CActiveRecord] Project.findByPk()
in /Users/jeff/TrackStar/trackstar/protected/controllers/ProjectController.php (204)
in /Users/jeff/TrackStar/trackstar/protected/controllers/ProjectController.php (60)
in /Users/jeff/TrackStar/trackstar/index.php (11)
2010/07/07 22:54:11 [trace] [system.db.CDbCommand] Querying SQL: SELECT * FROM `tbl_project` `t` WHERE `t`.`id`=99 LIMIT 1
in /Users/jeff/TrackStar/trackstar/protected/controllers/ProjectController.php (204)
in /Users/jeff/TrackStar/trackstar/protected/controllers/ProjectController.php (60)
in /Users/jeff/TrackStar/trackstar/index.php (11)
2010/07/07 22:54:11 [trace] [system.CModule] Loading "errorHandler" application component
2010/07/07 22:54:11 [trace] [system.CModule] Loading "themeManager" application component
in /Users/jeff/TrackStar/trackstar/protected/controllers/SiteController.php (49)
2010/07/07 22:54:11 [trace] [system.CModule] Loading "authManager" application component
in /Users/jeff/TrackStar/trackstar/themes/new/views/layouts/main.php (33)
in /Users/jeff/TrackStar/trackstar/protected/views/layouts/column1.php (8)
in /Users/jeff/TrackStar/trackstar/protected/controllers/SiteController.php (49)
2010/07/07 22:54:11 [trace] [system.db.CDbCommand] Querying SQL: SELECT name, type, description, t1.bizrule, t1.data, t2.bizrule AS bizrule2, t2.data AS data2 FROM AuthItem t1, AuthAssignment t2 WHERE name=itemname AND userid=:userid
in /Users/jeff/TrackStar/trackstar/themes/new/views/layouts/main.php (33)
in /Users/jeff/TrackStar/trackstar/protected/views/layouts/column1.php (8)
in /Users/jeff/TrackStar/trackstar/protected/controllers/SiteController.php (49)
2010/07/07 22:54:11 [trace] [system.web.auth.CDbAuthManager] Checking permission "admin"
in /Users/jeff/TrackStar/trackstar/themes/new/views/layouts/main.php (33)
in /Users/jeff/TrackStar/trackstar/protected/views/layouts/column1.php (8)
in /Users/jeff/TrackStar/trackstar/protected/controllers/SiteController.php (49)
2010/07/07 22:54:11 [trace] [system.CModule] Loading "clientScript" application component
in /Users/jeff/TrackStar/trackstar/protected/controllers/SiteController.php (49)
2010/07/07 23:01:15 [trace] [system.CModule] Loading "log" application component
in /Users/jeff/TrackStar/trackstar/index.php (11)
2010/07/07 23:01:15 [trace] [system.CModule] Loading "request" application component
in /Users/jeff/TrackStar/trackstar/index.php (11)
2010/07/07 23:01:15 [trace] [system.CModule] Loading "urlManager" application component
in /Users/jeff/TrackStar/trackstar/index.php (11)
2010/07/07 23:01:15 [trace] [system.web.filters.CFilterChain] Running filter ProjectController.filteraccessControl()
in /Users/jeff/TrackStar/trackstar/index.php (11)
2010/07/07 23:01:15 [trace] [system.CModule] Loading "user" application component
in /Users/jeff/TrackStar/trackstar/index.php (11)
2010/07/07 23:01:15 [trace] [system.CModule] Loading "session" application component
in /Users/jeff/TrackStar/trackstar/index.php (11)
2010/07/07 23:01:15 [trace] [system.CModule] Loading "db" application component
in /Users/jeff/TrackStar/trackstar/protected/models/Project.php (25)
in /Users/jeff/TrackStar/trackstar/protected/controllers/ProjectController.php (204)
in /Users/jeff/TrackStar/trackstar/protected/controllers/ProjectController.php (60)
2010/07/07 23:01:15 [trace] [system.db.CDbConnection] Opening DB connection
in /Users/jeff/TrackStar/trackstar/protected/models/Project.php (25)
in /Users/jeff/TrackStar/trackstar/protected/controllers/ProjectController.php (204)
in /Users/jeff/TrackStar/trackstar/protected/controllers/ProjectController.php (60)
2010/07/07 23:01:15 [trace] [system.db.CDbCommand] Querying SQL: SHOW COLUMNS FROM `tbl_project`
in /Users/jeff/TrackStar/trackstar/protected/models/Project.php (25)
in /Users/jeff/TrackStar/trackstar/protected/controllers/ProjectController.php (204)
in /Users/jeff/TrackStar/trackstar/protected/controllers/ProjectController.php (60)
2010/07/07 23:01:15 [trace] [system.db.CDbCommand] Querying SQL: SHOW CREATE TABLE `tbl_project`
in /Users/jeff/TrackStar/trackstar/protected/models/Project.php (25)
in /Users/jeff/TrackStar/trackstar/protected/controllers/ProjectController.php (204)
in /Users/jeff/TrackStar/trackstar/protected/controllers/ProjectController.php (60)
2010/07/07 23:01:15 [trace] [system.db.ar.CActiveRecord] Project.findByPk()
in /Users/jeff/TrackStar/trackstar/protected/controllers/ProjectController.php (204)
in /Users/jeff/TrackStar/trackstar/protected/controllers/ProjectController.php (60)
in /Users/jeff/TrackStar/trackstar/index.php (11)
2010/07/07 23:01:15 [trace] [system.db.CDbCommand] Querying SQL: SELECT * FROM `tbl_project` `t` WHERE `t`.`id`=99 LIMIT 1
in /Users/jeff/TrackStar/trackstar/protected/controllers/ProjectController.php (204)
in /Users/jeff/TrackStar/trackstar/protected/controllers/ProjectController.php (60)
in /Users/jeff/TrackStar/trackstar/index.php (11)
2010/07/07 23:01:15 [trace] [system.CModule] Loading "errorHandler" application component
2010/07/07 23:01:15 [trace] [system.CModule] Loading "themeManager" application component
2010/07/07 23:05:20 [trace] [system.CModule] Loading "log" application component
in /Users/jeff/TrackStar/trackstar/index.php (11)
2010/07/07 23:05:20 [trace] [system.CModule] Loading "request" application component
in /Users/jeff/TrackStar/trackstar/index.php (11)
2010/07/07 23:05:20 [trace] [system.CModule] Loading "urlManager" application component
in /Users/jeff/TrackStar/trackstar/index.php (11)
2010/07/07 23:05:20 [trace] [system.web.filters.CFilterChain] Running filter ProjectController.filteraccessControl()
in /Users/jeff/TrackStar/trackstar/index.php (11)
2010/07/07 23:05:20 [trace] [system.CModule] Loading "user" application component
in /Users/jeff/TrackStar/trackstar/index.php (11)
2010/07/07 23:05:20 [trace] [system.CModule] Loading "session" application component
in /Users/jeff/TrackStar/trackstar/index.php (11)
2010/07/07 23:05:20 [trace] [system.CModule] Loading "db" application component
in /Users/jeff/TrackStar/trackstar/protected/models/Project.php (25)
in /Users/jeff/TrackStar/trackstar/protected/controllers/ProjectController.php (204)
in /Users/jeff/TrackStar/trackstar/protected/controllers/ProjectController.php (60)
2010/07/07 23:05:20 [trace] [system.db.CDbConnection] Opening DB connection
in /Users/jeff/TrackStar/trackstar/protected/models/Project.php (25)
in /Users/jeff/TrackStar/trackstar/protected/controllers/ProjectController.php (204)
in /Users/jeff/TrackStar/trackstar/protected/controllers/ProjectController.php (60)
2010/07/07 23:05:20 [trace] [system.db.CDbCommand] Querying SQL: SHOW COLUMNS FROM `tbl_project`
in /Users/jeff/TrackStar/trackstar/protected/models/Project.php (25)
in /Users/jeff/TrackStar/trackstar/protected/controllers/ProjectController.php (204)
in /Users/jeff/TrackStar/trackstar/protected/controllers/ProjectController.php (60)
2010/07/07 23:05:20 [trace] [system.db.CDbCommand] Querying SQL: SHOW CREATE TABLE `tbl_project`
in /Users/jeff/TrackStar/trackstar/protected/models/Project.php (25)
in /Users/jeff/TrackStar/trackstar/protected/controllers/ProjectController.php (204)
in /Users/jeff/TrackStar/trackstar/protected/controllers/ProjectController.php (60)
2010/07/07 23:05:20 [trace] [system.db.ar.CActiveRecord] Project.findByPk()
in /Users/jeff/TrackStar/trackstar/protected/controllers/ProjectController.php (204)
in /Users/jeff/TrackStar/trackstar/protected/controllers/ProjectController.php (60)
in /Users/jeff/TrackStar/trackstar/index.php (11)
2010/07/07 23:05:20 [trace] [system.db.CDbCommand] Querying SQL: SELECT * FROM `tbl_project` `t` WHERE `t`.`id`=99 LIMIT 1
in /Users/jeff/TrackStar/trackstar/protected/controllers/ProjectController.php (204)
in /Users/jeff/TrackStar/trackstar/protected/controllers/ProjectController.php (60)
in /Users/jeff/TrackStar/trackstar/index.php (11)
2010/07/07 23:05:20 [trace] [system.CModule] Loading "errorHandler" application component
2010/07/07 23:05:20 [trace] [system.CModule] Loading "themeManager" application component
